Looking for git in: git
Using git 2.17.1 from git
> git rev-parse --show-toplevel
> git rev-parse --git-dir
Open repository: /var/www/html/e-commerce-bio
> git status -z -u
> git symbolic-ref --short HEAD
> git rev-parse desarrollo
> git rev-parse --symbolic-full-name desarrollo@{u}
> git rev-list --left-right desarrollo...refs/remotes/origin/desarrollo
> git for-each-ref --format %(refname) %(objectname) --sort -committerdate
> git remote --verbose
> git config --get commit.template
> git check-ignore -v -z --stdin
> git check-ignore -v -z --stdin
> git check-ignore -v -z --stdin
> git show :database/seeds/AdvsTableSeeder.php
> git check-ignore -v -z --stdin
> git show :database/seeds/DataRowsTableSeeder.php
> git check-ignore -v -z --stdin
> git show :database/seeds/DatabaseSeeder.php
> git status -z -u
> git symbolic-ref --short HEAD
> git rev-parse desarrollo
> git rev-parse --symbolic-full-name desarrollo@{u}
> git rev-list --left-right desarrollo...refs/remotes/origin/desarrollo
> git for-each-ref --format %(refname) %(objectname) --sort -committerdate
> git remote --verbose
> git config --get commit.template
> git show :database/seeds/DatabaseSeeder.php
> git status -z -u
> git symbolic-ref --short HEAD
> git rev-parse desarrollo
> git rev-parse --symbolic-full-name desarrollo@{u}
> git rev-list --left-right desarrollo...refs/remotes/origin/desarrollo
> git for-each-ref --format %(refname) %(objectname) --sort -committerdate
> git remote --verbose
> git config --get commit.template
