DEBUG     Checking PHPLS_ALLOW_XDEBUG
DEBUG     The xdebug extension is not loaded

[Info  - 8:52:11 a. m.] 8513 files total
[Info  - 8:52:11 a. m.] Indexing project for definitions and static references
Parsing file:///var/www/html/e-commerce-bio/config/services.php
Parsing file:///var/www/html/e-commerce-bio/config/adminlte.php
Parsing file:///var/www/html/e-commerce-bio/config/mail.php
Parsing file:///var/www/html/e-commerce-bio/config/filesystems.php
Parsing file:///var/www/html/e-commerce-bio/config/hashing.php
Parsing file:///var/www/html/e-commerce-bio/config/app.php
Parsing file:///var/www/html/e-commerce-bio/config/voyager.php
Parsing file:///var/www/html/e-commerce-bio/config/broadcasting.php
Parsing file:///var/www/html/e-commerce-bio/config/view.php
Parsing file:///var/www/html/e-commerce-bio/config/cache.php
Parsing file:///var/www/html/e-commerce-bio/config/queue.php
Parsing file:///var/www/html/e-commerce-bio/config/voyager-hooks.php
Parsing file:///var/www/html/e-commerce-bio/config/hooks.php
Parsing file:///var/www/html/e-commerce-bio/config/auth.php
Parsing file:///var/www/html/e-commerce-bio/config/database.php
Parsing file:///var/www/html/e-commerce-bio/config/session.php
Parsing file:///var/www/html/e-commerce-bio/config/logging.php
Parsing file:///var/www/html/e-commerce-bio/database/migrations/2020_01_13_000008_create_packagings_table.php
Parsing file:///var/www/html/e-commerce-bio/database/migrations/2020_01_29_023841_fix_advs_add_url.php
Parsing file:///var/www/html/e-commerce-bio/database/migrations/2020_01_13_000030_create_order_address_table.php
Parsing file:///var/www/html/e-commerce-bio/database/migrations/2020_01_24_202552_fix_database_det_banks.php
Parsing file:///var/www/html/e-commerce-bio/database/migrations/2020_01_13_000024_create_det_product_packages_table.php
Parsing file:///var/www/html/e-commerce-bio/database/migrations/2020_01_13_000021_create_cities_table.php
Parsing file:///var/www/html/e-commerce-bio/database/migrations/2020_01_13_000029_create_rating_products_table.php
Parsing file:///var/www/html/e-commerce-bio/database/migrations/2020_01_13_000010_create_groups_table.php
Parsing file:///var/www/html/e-commerce-bio/database/migrations/2020_01_28_215055_fix_advs.php
Parsing file:///var/www/html/e-commerce-bio/database/migrations/2020_01_13_000016_create_regions_table.php
Parsing file:///var/www/html/e-commerce-bio/database/migrations/2020_01_13_000020_create_bank_datas_table.php
Parsing file:///var/www/html/e-commerce-bio/database/migrations/2020_01_13_000036_create_det_bank_orders_table.php
Parsing file:///var/www/html/e-commerce-bio/database/migrations/2020_01_24_194338_change_decimal_coin_rate.php
Parsing file:///var/www/html/e-commerce-bio/database/migrations/2017_04_11_000000_alter_post_nullable_fields_table.php
Parsing file:///var/www/html/e-commerce-bio/database/migrations/2020_01_13_000035_create_order_products_table.php
Parsing file:///var/www/html/e-commerce-bio/database/migrations/2016_01_01_000000_create_posts_table.php
Parsing file:///var/www/html/e-commerce-bio/database/migrations/2020_01_28_213742_create_advs.php
Parsing file:///var/www/html/e-commerce-bio/database/migrations/2020_01_13_000007_create_banks_table.php
Parsing file:///var/www/html/e-commerce-bio/database/migrations/2020_01_13_000006_create_states_table.php
Parsing file:///var/www/html/e-commerce-bio/database/migrations/2020_01_13_000003_create_coins_table.php
Parsing file:///var/www/html/e-commerce-bio/database/migrations/2020_01_13_000033_create_user_visit_products_table.php
Parsing file:///var/www/html/e-commerce-bio/database/migrations/2000_01_13_000028_create_users_table.php
Parsing file:///var/www/html/e-commerce-bio/database/migrations/2015_01_01_000002_create_password_resets_table.php
Parsing file:///var/www/html/e-commerce-bio/database/migrations/2020_01_13_000040_create_home_pages_table.php
Parsing file:///var/www/html/e-commerce-bio/database/migrations/2020_01_13_000017_create_views_table.php
Parsing file:///var/www/html/e-commerce-bio/database/migrations/2016_01_01_000000_create_pages_table.php
Parsing file:///var/www/html/e-commerce-bio/database/migrations/2020_01_17_171711_add_brand_time.php
Parsing file:///var/www/html/e-commerce-bio/database/migrations/2020_01_13_000019_create_sub_categories_table.php
Parsing file:///var/www/html/e-commerce-bio/database/migrations/2020_01_13_000000_create_orders_status_table.php
Parsing file:///var/www/html/e-commerce-bio/database/migrations/2020_01_13_000004_create_general_configurations_table.php
Parsing file:///var/www/html/e-commerce-bio/database/migrations/2020_01_13_000032_create_favorites_table.php
Parsing file:///var/www/html/e-commerce-bio/database/migrations/2020_01_13_000026_create_det_transport_cities_table.php
Parsing file:///var/www/html/e-commerce-bio/database/migrations/2020_01_17_164408_fix_brand.php
Parsing file:///var/www/html/e-commerce-bio/database/migrations/2020_01_13_000014_create_categories_table.php
Parsing file:///var/www/html/e-commerce-bio/database/migrations/2020_01_13_000038_create_general_settings_table.php
Parsing file:///var/www/html/e-commerce-bio/database/migrations/2020_01_13_000022_create_products_table.php
Parsing file:///var/www/html/e-commerce-bio/database/migrations/2020_01_13_000037_create_trackings_table.php
Parsing file:///var/www/html/e-commerce-bio/database/migrations/2020_01_24_191546_add_det_payment_method_time.php
Parsing file:///var/www/html/e-commerce-bio/database/migrations/2020_01_13_000034_create_orders_table.php
Parsing file:///var/www/html/e-commerce-bio/database/migrations/2020_01_13_000011_create_brands_table.php
Parsing file:///var/www/html/e-commerce-bio/database/migrations/2020_01_22_134437_change_default_product.php
Parsing file:///var/www/html/e-commerce-bio/database/migrations/2020_01_22_143638_fix__e_a_n_products.php
Parsing file:///var/www/html/e-commerce-bio/database/migrations/2020_01_13_000023_create_det_group_events_table.php
Parsing file:///var/www/html/e-commerce-bio/database/migrations/2020_01_13_000009_create_taxes_table.php
Parsing file:///var/www/html/e-commerce-bio/database/migrations/2020_01_28_020633_del_comlunm_tax.php
Parsing file:///var/www/html/e-commerce-bio/database/migrations/2020_01_13_000017_create_det_payment_methods_table.php
Parsing file:///var/www/html/e-commerce-bio/database/migrations/2020_01_23_000011_fix_user_parent_id.php
Parsing file:///var/www/html/e-commerce-bio/database/migrations/2020_01_13_000027_create_peoples_table.php
Parsing file:///var/www/html/e-commerce-bio/database/migrations/2020_01_13_000005_create_payment_methods_table.php
Parsing file:///var/www/html/e-commerce-bio/database/migrations/2020_01_13_000012_create_packages_table.php
Parsing file:///var/www/html/e-commerce-bio/database/migrations/2015_01_01_000007_create_failed_jobs_table.php
Parsing file:///var/www/html/e-commerce-bio/database/migrations/2020_01_13_000031_create_logs_table.php
Parsing file:///var/www/html/e-commerce-bio/database/migrations/2020_01_13_000025_create_det_product_taxes_table.php
Parsing file:///var/www/html/e-commerce-bio/database/migrations/2020_01_13_000018_create_events_table.php
Parsing file:///var/www/html/e-commerce-bio/database/migrations/2020_01_13_000001_create_stores_table.php
Parsing file:///var/www/html/e-commerce-bio/database/migrations/2020_01_13_000013_create_transports_table.php
Parsing file:///var/www/html/e-commerce-bio/database/factories/UserFactory.php
Parsing file:///var/www/html/e-commerce-bio/database/seeds/EventsTableSeeder.php
Parsing file:///var/www/html/e-commerce-bio/database/seeds/UsersTableSeeder.php
Parsing file:///var/www/html/e-commerce-bio/database/seeds/TaxesTableSeeder.php
Parsing file:///var/www/html/e-commerce-bio/database/seeds/PackagesTableSeeder.php
Parsing file:///var/www/html/e-commerce-bio/database/seeds/MenusTableSeeder.php
Parsing file:///var/www/html/e-commerce-bio/database/seeds/PermissionRoleTableSeeder.php
Parsing file:///var/www/html/e-commerce-bio/database/seeds/VoyagerDatabaseSeeder.php
Parsing file:///var/www/html/e-commerce-bio/database/seeds/MenuItemsTableSeeder.php
Parsing file:///var/www/html/e-commerce-bio/database/seeds/TransportsTableSeeder.php
Parsing file:///var/www/html/e-commerce-bio/database/seeds/GroupsTableSeeder.php
Parsing file:///var/www/html/e-commerce-bio/database/seeds/DetGroupEventsTableSeeder.php
Parsing file:///var/www/html/e-commerce-bio/database/seeds/PermissionsTableSeeder.php
Parsing file:///var/www/html/e-commerce-bio/database/seeds/BrandsTableSeeder.php
Parsing file:///var/www/html/e-commerce-bio/database/seeds/PaymentMethodsTableSeeder.php
Parsing file:///var/www/html/e-commerce-bio/database/seeds/UserVisitProductsTableSeeder.php
Parsing file:///var/www/html/e-commerce-bio/database/seeds/SettingsTableSeeder.php
Parsing file:///var/www/html/e-commerce-bio/database/seeds/CategoriesTableSeeder.php
Parsing file:///var/www/html/e-commerce-bio/database/seeds/DetProductTaxesTableSeeder.php
Parsing file:///var/www/html/e-commerce-bio/database/seeds/DetTransportCitiesTableSeeder.php
Parsing file:///var/www/html/e-commerce-bio/database/seeds/BankDatasTableSeeder.php
Parsing file:///var/www/html/e-commerce-bio/database/seeds/TranslationsTableSeeder.php
Parsing file:///var/www/html/e-commerce-bio/database/seeds/DatabaseSeeder.php
Parsing file:///var/www/html/e-commerce-bio/database/seeds/LogsTableSeeder.php
Parsing file:///var/www/html/e-commerce-bio/database/seeds/RolesTableSeeder.php
Parsing file:///var/www/html/e-commerce-bio/database/seeds/ProductsTableSeeder.php
Parsing file:///var/www/html/e-commerce-bio/database/seeds/StatesTableSeeder.php
Parsing file:///var/www/html/e-commerce-bio/database/seeds/BanksTableSeeder.php
Parsing file:///var/www/html/e-commerce-bio/database/seeds/AdvsTableSeeder.php
Parsing file:///var/www/html/e-commerce-bio/database/seeds/SubCategoriesTableSeeder.php
Parsing file:///var/www/html/e-commerce-bio/database/seeds/FavoritesTableSeeder.php
Parsing file:///var/www/html/e-commerce-bio/database/seeds/DataTypesTableSeeder.php
Parsing file:///var/www/html/e-commerce-bio/database/seeds/DetProductPackagesTableSeeder.php
Parsing file:///var/www/html/e-commerce-bio/database/seeds/RatingProductsTableSeeder.php
Parsing file:///var/www/html/e-commerce-bio/database/seeds/RegionsTableSeeder.php
Parsing file:///var/www/html/e-commerce-bio/database/seeds/PeoplesTableSeeder.php
Parsing file:///var/www/html/e-commerce-bio/database/seeds/OrdersStatusTableSeeder.php
Parsing file:///var/www/html/e-commerce-bio/database/seeds/DetBankOrdersTableSeeder.php
Parsing file:///var/www/html/e-commerce-bio/database/seeds/CitiesTableSeeder.php
[Info  - 8:52:12 a. m.] Ignoring file file:///var/www/html/e-commerce-bio/database/seeds/CitiesTableSeeder.php because it exceeds size limit of 150000 bytes (309627)
Parsing file:///var/www/html/e-commerce-bio/database/seeds/VoyagerDummyDatabaseSeeder.php
Parsing file:///var/www/html/e-commerce-bio/database/seeds/TrackingsTableSeeder.php
Parsing file:///var/www/html/e-commerce-bio/database/seeds/CoinsTableSeeder.php
Parsing file:///var/www/html/e-commerce-bio/database/seeds/PackagingsTableSeeder.php
Parsing file:///var/www/html/e-commerce-bio/database/seeds/DataRowsTableSeeder.php
Parsing file:///var/www/html/e-commerce-bio/database/seeds/OrdersTableSeeder.php
Parsing file:///var/www/html/e-commerce-bio/database/seeds/OrderProductsTableSeeder.php
Parsing file:///var/www/html/e-commerce-bio/database/seeds/GeneralSettingsTableSeeder.php
Parsing file:///var/www/html/e-commerce-bio/database/seeds/ViewsTableSeeder.php
Parsing file:///var/www/html/e-commerce-bio/database/seeds/StoresTableSeeder.php
Parsing file:///var/www/html/e-commerce-bio/database/seeds/OrderAddressTableSeeder.php
Parsing file:///var/www/html/e-commerce-bio/database/seeds/HomePagesTableSeeder.php
Parsing file:///var/www/html/e-commerce-bio/bootstrap/app.php
Parsing file:///var/www/html/e-commerce-bio/bootstrap/cache/services.php
Parsing file:///var/www/html/e-commerce-bio/bootstrap/cache/packages.php
Parsing file:///var/www/html/e-commerce-bio/vendor/composer/autoload_classmap.php
[Info  - 8:52:12 a. m.] Ignoring file file:///var/www/html/e-commerce-bio/vendor/composer/autoload_classmap.php because it exceeds size limit of 150000 bytes (682649)
Parsing file:///var/www/html/e-commerce-bio/vendor/composer/autoload_real.php
Parsing file:///var/www/html/e-commerce-bio/vendor/composer/autoload_files.php
Parsing file:///var/www/html/e-commerce-bio/vendor/composer/autoload_namespaces.php
Parsing file:///var/www/html/e-commerce-bio/vendor/composer/autoload_psr4.php
Parsing file:///var/www/html/e-commerce-bio/vendor/composer/autoload_static.php
[Info  - 8:52:12 a. m.] Ignoring file file:///var/www/html/e-commerce-bio/vendor/composer/autoload_static.php because it exceeds size limit of 150000 bytes (756629)
Parsing file:///var/www/html/e-commerce-bio/vendor/composer/ClassLoader.php
Parsing file:///var/www/html/e-commerce-bio/vendor/autoload.php
Parsing file:///var/www/html/e-commerce-bio/storage/framework/views/2ab3fc77c5e39249fa1e217b3fb5a17e5e201882.php
Parsing file:///var/www/html/e-commerce-bio/storage/framework/views/5eeea989a697a45891a5fdbf8981f9ab321931f0.php
Parsing file:///var/www/html/e-commerce-bio/storage/framework/views/9ced6deb9f92fd93b8c749a5e3e551c899c55e35.php
Parsing file:///var/www/html/e-commerce-bio/storage/framework/views/c5e73b1bb34da170fa6785a0d31ce45d66749e1d.php
Parsing file:///var/www/html/e-commerce-bio/storage/framework/views/08abe67c4b1b02cf091f398bc5b498c729cc69a4.php
Parsing file:///var/www/html/e-commerce-bio/storage/framework/views/f6d8a6e8536f6f74dda215f8924d8486f9c9bc26.php
Parsing file:///var/www/html/e-commerce-bio/storage/framework/views/4a4e7fa6e92d291502b1c3a52cbbc10688c1ac07.php
Parsing file:///var/www/html/e-commerce-bio/storage/framework/views/72978e333e79981f2a5a5cf32e518c56e4c781ab.php
Parsing file:///var/www/html/e-commerce-bio/storage/framework/views/aa66ab6a3317cef25e4931498bb9eeaa641084d0.php
Parsing file:///var/www/html/e-commerce-bio/storage/framework/views/e47d9a8d13d8b9a168df39f3843f3fcf6a26ddec.php
Parsing file:///var/www/html/e-commerce-bio/storage/framework/views/48e2956a952285705d08145d9405c8ec694ec230.php
Parsing file:///var/www/html/e-commerce-bio/storage/framework/views/d189313020f165edf33634201ecadf5cca48ae16.php
Parsing file:///var/www/html/e-commerce-bio/storage/framework/views/1fe9fc638af25b85e8cf759ff8d75e3f7c4bb087.php
Parsing file:///var/www/html/e-commerce-bio/storage/framework/views/08436dca52923f9ea2b88b29d3dc11615c1165b7.php
Parsing file:///var/www/html/e-commerce-bio/storage/framework/views/bee46888e9dd010ecc6de1b374f6cc674ab9b39f.php
Parsing file:///var/www/html/e-commerce-bio/storage/framework/views/a006631a8c50bac05f1baf74f5f710524746e4db.php
Parsing file:///var/www/html/e-commerce-bio/storage/framework/views/c3ff7de8dbf24b3008df858ca1675ce5f8bedc0c.php
Parsing file:///var/www/html/e-commerce-bio/storage/framework/views/eef16890fdfcf660346249e55c73a6dd1a443d02.php
Parsing file:///var/www/html/e-commerce-bio/storage/framework/views/97432996dfb2158b9298365bb65303876e772399.php
Parsing file:///var/www/html/e-commerce-bio/storage/framework/views/2565100f64fab22d73e46c85c769250dfb2a5312.php
Parsing file:///var/www/html/e-commerce-bio/storage/framework/views/983eb245404bc25460934283a9907a7158773338.php
Parsing file:///var/www/html/e-commerce-bio/storage/framework/views/455ca4afa2192c47eaa93cafe01466a6b5638230.php
Parsing file:///var/www/html/e-commerce-bio/storage/framework/views/68cb72f2c9bdd4bda893f68fb9031538e6e95f0d.php
Parsing file:///var/www/html/e-commerce-bio/storage/framework/views/c748e5f244427ca6e078fa05236ead0a1af5b8de.php
Parsing file:///var/www/html/e-commerce-bio/storage/framework/views/c4aacb0204236e55953527a04693d1762e80a88e.php
Parsing file:///var/www/html/e-commerce-bio/storage/framework/views/2b4978e92c568cb4a8c7e7f76b97bff903d67d3f.php
Parsing file:///var/www/html/e-commerce-bio/storage/framework/views/55c6fa8d52180402d349621091619fb2c4392654.php
Parsing file:///var/www/html/e-commerce-bio/storage/framework/views/c958ec377df40568373e5f31e4c0259643afd2a4.php
Parsing file:///var/www/html/e-commerce-bio/storage/framework/views/fd0445b6694bdb6bc48f41fd3cec560d6e497e33.php
Parsing file:///var/www/html/e-commerce-bio/storage/framework/views/c105a54cdb46bf57243b317d21230f0cda789c2f.php
Parsing file:///var/www/html/e-commerce-bio/storage/framework/views/946e76428f75130c09800cce03bbfb224f09047f.php
Parsing file:///var/www/html/e-commerce-bio/storage/framework/views/24095cbd4dcbccabea8c22fdb118a0037f405a31.php
Parsing file:///var/www/html/e-commerce-bio/storage/framework/views/62c885bbd844a301672a02a75728ef1570894534.php
Parsing file:///var/www/html/e-commerce-bio/storage/framework/views/50423e66a5e9d2427b924b11408f3c699cfc2fe5.php
Parsing file:///var/www/html/e-commerce-bio/storage/framework/views/c039b570d25343923b18ddbcf088fa96cc2d1e33.php
Parsing file:///var/www/html/e-commerce-bio/storage/framework/views/36890e2477a3d587865cff0c7bda0faebd65cd62.php
Parsing file:///var/www/html/e-commerce-bio/storage/framework/views/9430a21e6fd101d3f29fe000ee7c9d11c26cb88c.php
Parsing file:///var/www/html/e-commerce-bio/storage/framework/views/6500d5d27bbc95dda32d982b2977590341cc604e.php
Parsing file:///var/www/html/e-commerce-bio/storage/framework/views/eea58a8df711ffa86c2a299454a01dd44988ec3b.php
Parsing file:///var/www/html/e-commerce-bio/storage/framework/views/f5871be7a1073c2cf2710665a019ec08669c93a7.php
Parsing file:///var/www/html/e-commerce-bio/storage/framework/views/c51c7d721ea0be69e1936c0d6008780d50808e0b.php
Parsing file:///var/www/html/e-commerce-bio/storage/framework/views/3ac1689d1fef6fa83307dcaa17aaad6a2dd32409.php
Parsing file:///var/www/html/e-commerce-bio/storage/framework/views/352e41ce17fa8f78e93feba12e88cba1eed0d1a4.php
Parsing file:///var/www/html/e-commerce-bio/storage/framework/views/105aff0eb4872898ecf93f368e5132ec638a92f0.php
Parsing file:///var/www/html/e-commerce-bio/storage/framework/views/fff9359784993706ce484cf6f2d9fe5caa1f405e.php
Parsing file:///var/www/html/e-commerce-bio/storage/framework/views/a222eea0381fcee02c4efeb60bdbbbf0bcbf9a33.php
Parsing file:///var/www/html/e-commerce-bio/storage/framework/views/420563563146acd5dd395004f6c2725465a670b2.php
Parsing file:///var/www/html/e-commerce-bio/storage/framework/views/65b345c2aa0df7ad92f427b033072d741c7b6a62.php
Parsing file:///var/www/html/e-commerce-bio/storage/framework/views/2296d0bdc16dc9d1586be219e2408a6f56567541.php
Parsing file:///var/www/html/e-commerce-bio/storage/framework/views/3af0051e941cb4d2b4b0887a3b40efe0122c2031.php
Parsing file:///var/www/html/e-commerce-bio/storage/framework/views/bc123752ac211d4df251c36c22e3951171abe154.php
Parsing file:///var/www/html/e-commerce-bio/storage/framework/views/3236b9aa44f8f79de5abc668bd2e2c437a0acbb7.php
Parsing file:///var/www/html/e-commerce-bio/storage/framework/views/d0918768b2fc297b4762f501cc9cf08bf71a18f5.php
Parsing file:///var/www/html/e-commerce-bio/storage/framework/views/1b97f57a9bcd6ac1a463cb6dd523faf424318978.php
Parsing file:///var/www/html/e-commerce-bio/storage/framework/views/1d31046559352f74e35f8ddfa06398306720063e.php
Parsing file:///var/www/html/e-commerce-bio/storage/framework/views/6a794374e6dbd33b1f4e4233dd127cf87ebe9f30.php
Parsing file:///var/www/html/e-commerce-bio/storage/framework/views/4f8d99e20121c43ca8f552d22a9e45283c063183.php
Parsing file:///var/www/html/e-commerce-bio/storage/framework/views/c5b5209d1f1f29c2971f62ee302c5e4d74d4dbe0.php
Parsing file:///var/www/html/e-commerce-bio/storage/framework/views/4648e68aca7e446d39f12fed20db16a28d331b68.php
Parsing file:///var/www/html/e-commerce-bio/storage/framework/views/ac98bc5fbc69cc78f8f98297408f993f19f24a05.php
Parsing file:///var/www/html/e-commerce-bio/storage/framework/views/9f4c04989841804eba5bef58536dc48be8e539d5.php
Parsing file:///var/www/html/e-commerce-bio/storage/framework/views/28ecba5332de61bc297fa784d4ca52fce76d9a6b.php
Parsing file:///var/www/html/e-commerce-bio/storage/framework/views/66bef6bb26f51ad56a25736affa74fcb739ae7fd.php
Parsing file:///var/www/html/e-commerce-bio/storage/framework/views/c8f19d45bd305971c87876904ac66504f10bad7a.php
Parsing file:///var/www/html/e-commerce-bio/storage/framework/views/9a366ddcaf939c770048acc0a036f60564d58483.php
Parsing file:///var/www/html/e-commerce-bio/storage/framework/views/d64d5c8a85b40199ac13833cc139b93026b7c05c.php
Parsing file:///var/www/html/e-commerce-bio/storage/framework/views/41cb82fb81d356be6731750a70dcf198b4b6c4cf.php
Parsing file:///var/www/html/e-commerce-bio/storage/framework/views/c3ebca9d1dca6b6ceb5ec1c6d4d5898ee61461b1.php
Parsing file:///var/www/html/e-commerce-bio/storage/framework/views/e41b55bc521202ae058faa37eb96b50943236dcd.php
Parsing file:///var/www/html/e-commerce-bio/storage/framework/views/dcbdee85ca7bdd1a1e08e2275e7713f086e9999e.php
Parsing file:///var/www/html/e-commerce-bio/server.php
Parsing file:///var/www/html/e-commerce-bio/public/index.php
Parsing file:///var/www/html/e-commerce-bio/tests/TestCase.php
Parsing file:///var/www/html/e-commerce-bio/tests/Unit/ExampleTest.php
Parsing file:///var/www/html/e-commerce-bio/tests/Feature/ExampleTest.php
Parsing file:///var/www/html/e-commerce-bio/tests/CreatesApplication.php
Parsing file:///var/www/html/e-commerce-bio/app/UserVisitProducts.php
Parsing file:///var/www/html/e-commerce-bio/app/Orders.php
Parsing file:///var/www/html/e-commerce-bio/app/Store.php
Parsing file:///var/www/html/e-commerce-bio/app/Packages.php
Parsing file:///var/www/html/e-commerce-bio/app/Coins.php
Parsing file:///var/www/html/e-commerce-bio/app/Categories.php
Parsing file:///var/www/html/e-commerce-bio/app/Product.php
Parsing file:///var/www/html/e-commerce-bio/app/Stores.php
Parsing file:///var/www/html/e-commerce-bio/app/User.php
Parsing file:///var/www/html/e-commerce-bio/app/DetProducTaxes.php
Parsing file:///var/www/html/e-commerce-bio/app/Setting.php
Parsing file:///var/www/html/e-commerce-bio/app/Cities.php
Parsing file:///var/www/html/e-commerce-bio/app/SubCategories.php
Parsing file:///var/www/html/e-commerce-bio/app/DetPaymentMethods.php
Parsing file:///var/www/html/e-commerce-bio/app/Groups.php
Parsing file:///var/www/html/e-commerce-bio/app/Trackings.php
Parsing file:///var/www/html/e-commerce-bio/app/Taxes.php
Parsing file:///var/www/html/e-commerce-bio/app/DetProductPackages.php
Parsing file:///var/www/html/e-commerce-bio/app/Banks.php
Parsing file:///var/www/html/e-commerce-bio/app/ProductTax.php
Parsing file:///var/www/html/e-commerce-bio/app/Peoples.php
Parsing file:///var/www/html/e-commerce-bio/app/DetGroupEvents.php
Parsing file:///var/www/html/e-commerce-bio/app/DetTransportCities.php
Parsing file:///var/www/html/e-commerce-bio/app/Logs.php
Parsing file:///var/www/html/e-commerce-bio/app/Exceptions/Handler.php
Parsing file:///var/www/html/e-commerce-bio/app/GeneralSettings.php
Parsing file:///var/www/html/e-commerce-bio/app/PaymentMethods.php
Parsing file:///var/www/html/e-commerce-bio/app/BankDatas.php
Parsing file:///var/www/html/e-commerce-bio/app/Category.php
Parsing file:///var/www/html/e-commerce-bio/app/Advs.php
Parsing file:///var/www/html/e-commerce-bio/app/Brands.php
Parsing file:///var/www/html/e-commerce-bio/app/Packagings.php
Parsing file:///var/www/html/e-commerce-bio/app/Brand.php
Parsing file:///var/www/html/e-commerce-bio/app/People.php
Parsing file:///var/www/html/e-commerce-bio/app/ProductSubcategory.php
Parsing file:///var/www/html/e-commerce-bio/app/Providers/EventServiceProvider.php
Parsing file:///var/www/html/e-commerce-bio/app/Providers/AuthServiceProvider.php
Parsing file:///var/www/html/e-commerce-bio/app/Providers/BroadcastServiceProvider.php
Parsing file:///var/www/html/e-commerce-bio/app/Providers/AppServiceProvider.php
Parsing file:///var/www/html/e-commerce-bio/app/Providers/RouteServiceProvider.php
Parsing file:///var/www/html/e-commerce-bio/app/Regions.php
Parsing file:///var/www/html/e-commerce-bio/app/DetBankOrders.php
Parsing file:///var/www/html/e-commerce-bio/app/OrderAddress.php
Parsing file:///var/www/html/e-commerce-bio/app/Http/Controllers/OrderProductsController.php
Parsing file:///var/www/html/e-commerce-bio/app/Http/Controllers/EventsController.php
Parsing file:///var/www/html/e-commerce-bio/app/Http/Controllers/ProductsController.php
Parsing file:///var/www/html/e-commerce-bio/app/Http/Controllers/TransportsController.php
Parsing file:///var/www/html/e-commerce-bio/app/Http/Controllers/DetPaymentMethodsController.php
Parsing file:///var/www/html/e-commerce-bio/app/Http/Controllers/StoresController.php
Parsing file:///var/www/html/e-commerce-bio/app/Http/Controllers/StatesController.php
Parsing file:///var/www/html/e-commerce-bio/app/Http/Controllers/DetProducTaxesController.php
Parsing file:///var/www/html/e-commerce-bio/app/Http/Controllers/SubCategoriesController.php
Parsing file:///var/www/html/e-commerce-bio/app/Http/Controllers/DetGroupEventsController.php
Parsing file:///var/www/html/e-commerce-bio/app/Http/Controllers/AdvsController.php
Parsing file:///var/www/html/e-commerce-bio/app/Http/Controllers/LogsController.php
Parsing file:///var/www/html/e-commerce-bio/app/Http/Controllers/DetBankOrdersController.php
Parsing file:///var/www/html/e-commerce-bio/app/Http/Controllers/OrdersStatusController.php
Parsing file:///var/www/html/e-commerce-bio/app/Http/Controllers/PackagesController.php
Parsing file:///var/www/html/e-commerce-bio/app/Http/Controllers/HomePagesController.php
Parsing file:///var/www/html/e-commerce-bio/app/Http/Controllers/GroupsController.php
Parsing file:///var/www/html/e-commerce-bio/app/Http/Controllers/GeneralSettingsController.php
Parsing file:///var/www/html/e-commerce-bio/app/Http/Controllers/CitiesController.php
Parsing file:///var/www/html/e-commerce-bio/app/Http/Controllers/DetTransportCitiesController.php
Parsing file:///var/www/html/e-commerce-bio/app/Http/Controllers/HomeController.php
Parsing file:///var/www/html/e-commerce-bio/app/Http/Controllers/Controller.php
Parsing file:///var/www/html/e-commerce-bio/app/Http/Controllers/API/BaseController.php
Parsing file:///var/www/html/e-commerce-bio/app/Http/Controllers/API/UserVisitProductsController.php
Parsing file:///var/www/html/e-commerce-bio/app/Http/Controllers/API/RegisterController.php
Parsing file:///var/www/html/e-commerce-bio/app/Http/Controllers/API/CategoryController.php
Parsing file:///var/www/html/e-commerce-bio/app/Http/Controllers/API/SettingController.php
Parsing file:///var/www/html/e-commerce-bio/app/Http/Controllers/API/ProductController.php
Parsing file:///var/www/html/e-commerce-bio/app/Http/Controllers/API/RatingProductsController.php
Parsing file:///var/www/html/e-commerce-bio/app/Http/Controllers/API/PaymentMethodsController.php
Parsing file:///var/www/html/e-commerce-bio/app/Http/Controllers/API/BrandController.php
Parsing file:///var/www/html/e-commerce-bio/app/Http/Controllers/API/OrdersController.php
Parsing file:///var/www/html/e-commerce-bio/app/Http/Controllers/API/DetProductPackagesController.php
Parsing file:///var/www/html/e-commerce-bio/app/Http/Controllers/API/TrackingsController.php
Parsing file:///var/www/html/e-commerce-bio/app/Http/Controllers/API/FavoritesController.php
Parsing file:///var/www/html/e-commerce-bio/app/Http/Controllers/BanksController.php
Parsing file:///var/www/html/e-commerce-bio/app/Http/Controllers/TrakingsController.php
Parsing file:///var/www/html/e-commerce-bio/app/Http/Controllers/CategoriesController.php
Parsing file:///var/www/html/e-commerce-bio/app/Http/Controllers/Auth/ResetPasswordController.php
Parsing file:///var/www/html/e-commerce-bio/app/Http/Controllers/Auth/RegisterController.php
Parsing file:///var/www/html/e-commerce-bio/app/Http/Controllers/Auth/ForgotPasswordController.php
Parsing file:///var/www/html/e-commerce-bio/app/Http/Controllers/Auth/ConfirmPasswordController.php
Parsing file:///var/www/html/e-commerce-bio/app/Http/Controllers/Auth/LoginController.php
Parsing file:///var/www/html/e-commerce-bio/app/Http/Controllers/Auth/VerificationController.php
Parsing file:///var/www/html/e-commerce-bio/app/Http/Controllers/ViewsController.php
Parsing file:///var/www/html/e-commerce-bio/app/Http/Controllers/CoinsController.php
Parsing file:///var/www/html/e-commerce-bio/app/Http/Controllers/RegionsController.php
Parsing file:///var/www/html/e-commerce-bio/app/Http/Controllers/PeoplesController.php
Parsing file:///var/www/html/e-commerce-bio/app/Http/Controllers/PackagingsController.php
Parsing file:///var/www/html/e-commerce-bio/app/Http/Controllers/BankDatasController.php
Parsing file:///var/www/html/e-commerce-bio/app/Http/Controllers/DetProductPackagesController.php
Parsing file:///var/www/html/e-commerce-bio/app/Http/Controllers/OrderAddressController.php
Parsing file:///var/www/html/e-commerce-bio/app/Http/Controllers/TrackingsController.php
Parsing file:///var/www/html/e-commerce-bio/app/Http/Controllers/TaxesController.php
Parsing file:///var/www/html/e-commerce-bio/app/Http/Controllers/BrandsController.php
Parsing file:///var/www/html/e-commerce-bio/app/Http/Controllers/FavoritesController.php
Parsing file:///var/www/html/e-commerce-bio/app/Http/Kernel.php
Parsing file:///var/www/html/e-commerce-bio/app/Http/Middleware/TrimStrings.php
Parsing file:///var/www/html/e-commerce-bio/app/Http/Middleware/Authenticate.php
Parsing file:///var/www/html/e-commerce-bio/app/Http/Middleware/CheckForMaintenanceMode.php
Parsing file:///var/www/html/e-commerce-bio/app/Http/Middleware/VerifyCsrfToken.php
Parsing file:///var/www/html/e-commerce-bio/app/Http/Middleware/EncryptCookies.php
Parsing file:///var/www/html/e-commerce-bio/app/Http/Middleware/TrustProxies.php
Parsing file:///var/www/html/e-commerce-bio/app/Http/Middleware/RedirectIfAuthenticated.php
Parsing file:///var/www/html/e-commerce-bio/app/Http/Resources/Product.php
Parsing file:///var/www/html/e-commerce-bio/app/Http/Resources/Setting.php
Parsing file:///var/www/html/e-commerce-bio/app/Http/Resources/DetProductPackages.php
Parsing file:///var/www/html/e-commerce-bio/app/Http/Resources/Favorite.php
Parsing file:///var/www/html/e-commerce-bio/app/Http/Resources/PaymentMethods.php
Parsing file:///var/www/html/e-commerce-bio/app/Http/Resources/Category.php
Parsing file:///var/www/html/e-commerce-bio/app/Http/Resources/Brand.php
Parsing file:///var/www/html/e-commerce-bio/app/Http/Resources/RatingProducts.php
Parsing file:///var/www/html/e-commerce-bio/app/Favorites.php
Parsing file:///var/www/html/e-commerce-bio/app/Transports.php
Parsing file:///var/www/html/e-commerce-bio/app/RatingProducts.php
Parsing file:///var/www/html/e-commerce-bio/app/Console/Kernel.php
Parsing file:///var/www/html/e-commerce-bio/app/HomePages.php
Parsing file:///var/www/html/e-commerce-bio/app/ProductCategory.php
Parsing file:///var/www/html/e-commerce-bio/app/Products.php
Parsing file:///var/www/html/e-commerce-bio/app/Tax.php
Parsing file:///var/www/html/e-commerce-bio/app/States.php
Parsing file:///var/www/html/e-commerce-bio/app/OrderProducts.php
Parsing file:///var/www/html/e-commerce-bio/app/Views.php
Parsing file:///var/www/html/e-commerce-bio/app/Events.php
Parsing file:///var/www/html/e-commerce-bio/app/OrdersStatus.php
Parsing file:///var/www/html/e-commerce-bio/app/FuncionesGenerales.php
Parsing file:///var/www/html/e-commerce-bio/routes/console.php
Parsing file:///var/www/html/e-commerce-bio/routes/api.php
Parsing file:///var/www/html/e-commerce-bio/routes/web.php
Parsing file:///var/www/html/e-commerce-bio/routes/channels.php
Parsing file:///var/www/html/e-commerce-bio/resources/views/register.blade.php
Parsing file:///var/www/html/e-commerce-bio/resources/views/catalog.blade.php
Parsing file:///var/www/html/e-commerce-bio/resources/views/home.blade.php
Parsing file:///var/www/html/e-commerce-bio/resources/views/dashboard.blade.php
Parsing file:///var/www/html/e-commerce-bio/resources/views/profile.blade.php
Parsing file:///var/www/html/e-commerce-bio/resources/views/partials/footer.blade.php
Parsing file:///var/www/html/e-commerce-bio/resources/views/partials/base.blade.php
Parsing file:///var/www/html/e-commerce-bio/resources/views/partials/header.blade.php
Parsing file:///var/www/html/e-commerce-bio/resources/views/layouts/app.blade.php
Parsing file:///var/www/html/e-commerce-bio/resources/views/cart.blade.php
Parsing file:///var/www/html/e-commerce-bio/resources/views/auth/register.blade.php
Parsing file:///var/www/html/e-commerce-bio/resources/views/auth/verify.blade.php
Parsing file:///var/www/html/e-commerce-bio/resources/views/auth/passwords/confirm.blade.php
Parsing file:///var/www/html/e-commerce-bio/resources/views/auth/passwords/reset.blade.php
Parsing file:///var/www/html/e-commerce-bio/resources/views/auth/passwords/email.blade.php
Parsing file:///var/www/html/e-commerce-bio/resources/views/auth/login.blade.php
Parsing file:///var/www/html/e-commerce-bio/resources/lang/en/validation.php
Parsing file:///var/www/html/e-commerce-bio/resources/lang/en/pagination.php
Parsing file:///var/www/html/e-commerce-bio/resources/lang/en/auth.php
Parsing file:///var/www/html/e-commerce-bio/resources/lang/en/passwords.php
Parsing file:///var/www/html/e-commerce-bio/resources/lang/es/validation.php
Parsing file:///var/www/html/e-commerce-bio/resources/lang/es/pagination.php
Parsing file:///var/www/html/e-commerce-bio/resources/lang/es/auth.php
Parsing file:///var/www/html/e-commerce-bio/resources/lang/es/passwords.php
[Info  - 8:52:14 a. m.] Indexing project for dynamic references
Parsing file:///var/www/html/e-commerce-bio/config/services.php
Parsing file:///var/www/html/e-commerce-bio/config/adminlte.php
Parsing file:///var/www/html/e-commerce-bio/config/mail.php
Parsing file:///var/www/html/e-commerce-bio/config/filesystems.php
Parsing file:///var/www/html/e-commerce-bio/config/hashing.php
Parsing file:///var/www/html/e-commerce-bio/config/app.php
Parsing file:///var/www/html/e-commerce-bio/config/voyager.php
Parsing file:///var/www/html/e-commerce-bio/config/broadcasting.php
Parsing file:///var/www/html/e-commerce-bio/config/view.php
Parsing file:///var/www/html/e-commerce-bio/config/cache.php
Parsing file:///var/www/html/e-commerce-bio/config/queue.php
Parsing file:///var/www/html/e-commerce-bio/config/voyager-hooks.php
Parsing file:///var/www/html/e-commerce-bio/config/hooks.php
Parsing file:///var/www/html/e-commerce-bio/config/auth.php
Parsing file:///var/www/html/e-commerce-bio/config/database.php
Parsing file:///var/www/html/e-commerce-bio/config/session.php
Parsing file:///var/www/html/e-commerce-bio/config/logging.php
Parsing file:///var/www/html/e-commerce-bio/database/migrations/2020_01_13_000008_create_packagings_table.php
Parsing file:///var/www/html/e-commerce-bio/database/migrations/2020_01_29_023841_fix_advs_add_url.php
Parsing file:///var/www/html/e-commerce-bio/database/migrations/2020_01_13_000030_create_order_address_table.php
Parsing file:///var/www/html/e-commerce-bio/database/migrations/2020_01_24_202552_fix_database_det_banks.php
Parsing file:///var/www/html/e-commerce-bio/database/migrations/2020_01_13_000024_create_det_product_packages_table.php
Parsing file:///var/www/html/e-commerce-bio/database/migrations/2020_01_13_000021_create_cities_table.php
Parsing file:///var/www/html/e-commerce-bio/database/migrations/2020_01_13_000029_create_rating_products_table.php
Parsing file:///var/www/html/e-commerce-bio/database/migrations/2020_01_13_000010_create_groups_table.php
Parsing file:///var/www/html/e-commerce-bio/database/migrations/2020_01_28_215055_fix_advs.php
Parsing file:///var/www/html/e-commerce-bio/database/migrations/2020_01_13_000016_create_regions_table.php
Parsing file:///var/www/html/e-commerce-bio/database/migrations/2020_01_13_000020_create_bank_datas_table.php
Parsing file:///var/www/html/e-commerce-bio/database/migrations/2020_01_13_000036_create_det_bank_orders_table.php
Parsing file:///var/www/html/e-commerce-bio/database/migrations/2020_01_24_194338_change_decimal_coin_rate.php
Parsing file:///var/www/html/e-commerce-bio/database/migrations/2017_04_11_000000_alter_post_nullable_fields_table.php
Parsing file:///var/www/html/e-commerce-bio/database/migrations/2020_01_13_000035_create_order_products_table.php
Parsing file:///var/www/html/e-commerce-bio/database/migrations/2016_01_01_000000_create_posts_table.php
Parsing file:///var/www/html/e-commerce-bio/database/migrations/2020_01_28_213742_create_advs.php
Parsing file:///var/www/html/e-commerce-bio/database/migrations/2020_01_13_000007_create_banks_table.php
Parsing file:///var/www/html/e-commerce-bio/database/migrations/2020_01_13_000006_create_states_table.php
Parsing file:///var/www/html/e-commerce-bio/database/migrations/2020_01_13_000003_create_coins_table.php
Parsing file:///var/www/html/e-commerce-bio/database/migrations/2020_01_13_000033_create_user_visit_products_table.php
Parsing file:///var/www/html/e-commerce-bio/database/migrations/2000_01_13_000028_create_users_table.php
Parsing file:///var/www/html/e-commerce-bio/database/migrations/2015_01_01_000002_create_password_resets_table.php
Parsing file:///var/www/html/e-commerce-bio/database/migrations/2020_01_13_000040_create_home_pages_table.php
Parsing file:///var/www/html/e-commerce-bio/database/migrations/2020_01_13_000017_create_views_table.php
Parsing file:///var/www/html/e-commerce-bio/database/migrations/2016_01_01_000000_create_pages_table.php
Parsing file:///var/www/html/e-commerce-bio/database/migrations/2020_01_17_171711_add_brand_time.php
Parsing file:///var/www/html/e-commerce-bio/database/migrations/2020_01_13_000019_create_sub_categories_table.php
Parsing file:///var/www/html/e-commerce-bio/database/migrations/2020_01_13_000000_create_orders_status_table.php
Parsing file:///var/www/html/e-commerce-bio/database/migrations/2020_01_13_000004_create_general_configurations_table.php
Parsing file:///var/www/html/e-commerce-bio/database/migrations/2020_01_13_000032_create_favorites_table.php
Parsing file:///var/www/html/e-commerce-bio/database/migrations/2020_01_13_000026_create_det_transport_cities_table.php
Parsing file:///var/www/html/e-commerce-bio/database/migrations/2020_01_17_164408_fix_brand.php
Parsing file:///var/www/html/e-commerce-bio/database/migrations/2020_01_13_000014_create_categories_table.php
Parsing file:///var/www/html/e-commerce-bio/database/migrations/2020_01_13_000038_create_general_settings_table.php
Parsing file:///var/www/html/e-commerce-bio/database/migrations/2020_01_13_000022_create_products_table.php
Parsing file:///var/www/html/e-commerce-bio/database/migrations/2020_01_13_000037_create_trackings_table.php
Parsing file:///var/www/html/e-commerce-bio/database/migrations/2020_01_24_191546_add_det_payment_method_time.php
Parsing file:///var/www/html/e-commerce-bio/database/migrations/2020_01_13_000034_create_orders_table.php
Parsing file:///var/www/html/e-commerce-bio/database/migrations/2020_01_13_000011_create_brands_table.php
Parsing file:///var/www/html/e-commerce-bio/database/migrations/2020_01_22_134437_change_default_product.php
Parsing file:///var/www/html/e-commerce-bio/database/migrations/2020_01_22_143638_fix__e_a_n_products.php
Parsing file:///var/www/html/e-commerce-bio/database/migrations/2020_01_13_000023_create_det_group_events_table.php
Parsing file:///var/www/html/e-commerce-bio/database/migrations/2020_01_13_000009_create_taxes_table.php
Parsing file:///var/www/html/e-commerce-bio/database/migrations/2020_01_28_020633_del_comlunm_tax.php
Parsing file:///var/www/html/e-commerce-bio/database/migrations/2020_01_13_000017_create_det_payment_methods_table.php
Parsing file:///var/www/html/e-commerce-bio/database/migrations/2020_01_23_000011_fix_user_parent_id.php
Parsing file:///var/www/html/e-commerce-bio/database/migrations/2020_01_13_000027_create_peoples_table.php
Parsing file:///var/www/html/e-commerce-bio/database/migrations/2020_01_13_000005_create_payment_methods_table.php
Parsing file:///var/www/html/e-commerce-bio/database/migrations/2020_01_13_000012_create_packages_table.php
Parsing file:///var/www/html/e-commerce-bio/database/migrations/2015_01_01_000007_create_failed_jobs_table.php
Parsing file:///var/www/html/e-commerce-bio/database/migrations/2020_01_13_000031_create_logs_table.php
Parsing file:///var/www/html/e-commerce-bio/database/migrations/2020_01_13_000025_create_det_product_taxes_table.php
Parsing file:///var/www/html/e-commerce-bio/database/migrations/2020_01_13_000018_create_events_table.php
Parsing file:///var/www/html/e-commerce-bio/database/migrations/2020_01_13_000001_create_stores_table.php
Parsing file:///var/www/html/e-commerce-bio/database/migrations/2020_01_13_000013_create_transports_table.php
Parsing file:///var/www/html/e-commerce-bio/database/factories/UserFactory.php
Parsing file:///var/www/html/e-commerce-bio/database/seeds/EventsTableSeeder.php
Parsing file:///var/www/html/e-commerce-bio/database/seeds/UsersTableSeeder.php
Parsing file:///var/www/html/e-commerce-bio/database/seeds/TaxesTableSeeder.php
Parsing file:///var/www/html/e-commerce-bio/database/seeds/PackagesTableSeeder.php
Parsing file:///var/www/html/e-commerce-bio/database/seeds/MenusTableSeeder.php
Parsing file:///var/www/html/e-commerce-bio/database/seeds/PermissionRoleTableSeeder.php
Parsing file:///var/www/html/e-commerce-bio/database/seeds/VoyagerDatabaseSeeder.php
Parsing file:///var/www/html/e-commerce-bio/database/seeds/MenuItemsTableSeeder.php
Parsing file:///var/www/html/e-commerce-bio/database/seeds/TransportsTableSeeder.php
Parsing file:///var/www/html/e-commerce-bio/database/seeds/GroupsTableSeeder.php
Parsing file:///var/www/html/e-commerce-bio/database/seeds/DetGroupEventsTableSeeder.php
Parsing file:///var/www/html/e-commerce-bio/database/seeds/PermissionsTableSeeder.php
Parsing file:///var/www/html/e-commerce-bio/database/seeds/BrandsTableSeeder.php
Parsing file:///var/www/html/e-commerce-bio/database/seeds/PaymentMethodsTableSeeder.php
Parsing file:///var/www/html/e-commerce-bio/database/seeds/UserVisitProductsTableSeeder.php
Parsing file:///var/www/html/e-commerce-bio/database/seeds/SettingsTableSeeder.php
Parsing file:///var/www/html/e-commerce-bio/database/seeds/CategoriesTableSeeder.php
Parsing file:///var/www/html/e-commerce-bio/database/seeds/DetProductTaxesTableSeeder.php
Parsing file:///var/www/html/e-commerce-bio/database/seeds/DetTransportCitiesTableSeeder.php
Parsing file:///var/www/html/e-commerce-bio/database/seeds/BankDatasTableSeeder.php
Parsing file:///var/www/html/e-commerce-bio/database/seeds/TranslationsTableSeeder.php
Parsing file:///var/www/html/e-commerce-bio/database/seeds/DatabaseSeeder.php
Parsing file:///var/www/html/e-commerce-bio/database/seeds/LogsTableSeeder.php
Parsing file:///var/www/html/e-commerce-bio/database/seeds/RolesTableSeeder.php
Parsing file:///var/www/html/e-commerce-bio/database/seeds/ProductsTableSeeder.php
Parsing file:///var/www/html/e-commerce-bio/database/seeds/StatesTableSeeder.php
Parsing file:///var/www/html/e-commerce-bio/database/seeds/BanksTableSeeder.php
Parsing file:///var/www/html/e-commerce-bio/database/seeds/AdvsTableSeeder.php
Parsing file:///var/www/html/e-commerce-bio/database/seeds/SubCategoriesTableSeeder.php
Parsing file:///var/www/html/e-commerce-bio/database/seeds/FavoritesTableSeeder.php
Parsing file:///var/www/html/e-commerce-bio/database/seeds/DataTypesTableSeeder.php
Parsing file:///var/www/html/e-commerce-bio/database/seeds/DetProductPackagesTableSeeder.php
Parsing file:///var/www/html/e-commerce-bio/database/seeds/RatingProductsTableSeeder.php
Parsing file:///var/www/html/e-commerce-bio/database/seeds/RegionsTableSeeder.php
Parsing file:///var/www/html/e-commerce-bio/database/seeds/PeoplesTableSeeder.php
Parsing file:///var/www/html/e-commerce-bio/database/seeds/OrdersStatusTableSeeder.php
Parsing file:///var/www/html/e-commerce-bio/database/seeds/DetBankOrdersTableSeeder.php
Parsing file:///var/www/html/e-commerce-bio/database/seeds/CitiesTableSeeder.php
[Info  - 8:52:14 a. m.] Ignoring file file:///var/www/html/e-commerce-bio/database/seeds/CitiesTableSeeder.php because it exceeds size limit of 150000 bytes (309627)
Parsing file:///var/www/html/e-commerce-bio/database/seeds/VoyagerDummyDatabaseSeeder.php
Parsing file:///var/www/html/e-commerce-bio/database/seeds/TrackingsTableSeeder.php
Parsing file:///var/www/html/e-commerce-bio/database/seeds/CoinsTableSeeder.php
Parsing file:///var/www/html/e-commerce-bio/database/seeds/PackagingsTableSeeder.php
Parsing file:///var/www/html/e-commerce-bio/database/seeds/DataRowsTableSeeder.php
Parsing file:///var/www/html/e-commerce-bio/database/seeds/OrdersTableSeeder.php
Parsing file:///var/www/html/e-commerce-bio/database/seeds/OrderProductsTableSeeder.php
Parsing file:///var/www/html/e-commerce-bio/database/seeds/GeneralSettingsTableSeeder.php
Parsing file:///var/www/html/e-commerce-bio/database/seeds/ViewsTableSeeder.php
Parsing file:///var/www/html/e-commerce-bio/database/seeds/StoresTableSeeder.php
Parsing file:///var/www/html/e-commerce-bio/database/seeds/OrderAddressTableSeeder.php
Parsing file:///var/www/html/e-commerce-bio/database/seeds/HomePagesTableSeeder.php
Parsing file:///var/www/html/e-commerce-bio/bootstrap/app.php
Parsing file:///var/www/html/e-commerce-bio/bootstrap/cache/services.php
Parsing file:///var/www/html/e-commerce-bio/bootstrap/cache/packages.php
Parsing file:///var/www/html/e-commerce-bio/vendor/composer/autoload_classmap.php
[Info  - 8:52:15 a. m.] Ignoring file file:///var/www/html/e-commerce-bio/vendor/composer/autoload_classmap.php because it exceeds size limit of 150000 bytes (682649)
Parsing file:///var/www/html/e-commerce-bio/vendor/composer/autoload_real.php
Parsing file:///var/www/html/e-commerce-bio/vendor/composer/autoload_files.php
Parsing file:///var/www/html/e-commerce-bio/vendor/composer/autoload_namespaces.php
Parsing file:///var/www/html/e-commerce-bio/vendor/composer/autoload_psr4.php
Parsing file:///var/www/html/e-commerce-bio/vendor/composer/autoload_static.php
[Info  - 8:52:15 a. m.] Ignoring file file:///var/www/html/e-commerce-bio/vendor/composer/autoload_static.php because it exceeds size limit of 150000 bytes (756629)
Parsing file:///var/www/html/e-commerce-bio/vendor/composer/ClassLoader.php
Parsing file:///var/www/html/e-commerce-bio/vendor/autoload.php
Parsing file:///var/www/html/e-commerce-bio/storage/framework/views/2ab3fc77c5e39249fa1e217b3fb5a17e5e201882.php
Parsing file:///var/www/html/e-commerce-bio/storage/framework/views/5eeea989a697a45891a5fdbf8981f9ab321931f0.php
Parsing file:///var/www/html/e-commerce-bio/storage/framework/views/9ced6deb9f92fd93b8c749a5e3e551c899c55e35.php
Parsing file:///var/www/html/e-commerce-bio/storage/framework/views/c5e73b1bb34da170fa6785a0d31ce45d66749e1d.php
Parsing file:///var/www/html/e-commerce-bio/storage/framework/views/08abe67c4b1b02cf091f398bc5b498c729cc69a4.php
Parsing file:///var/www/html/e-commerce-bio/storage/framework/views/f6d8a6e8536f6f74dda215f8924d8486f9c9bc26.php
Parsing file:///var/www/html/e-commerce-bio/storage/framework/views/4a4e7fa6e92d291502b1c3a52cbbc10688c1ac07.php
Parsing file:///var/www/html/e-commerce-bio/storage/framework/views/72978e333e79981f2a5a5cf32e518c56e4c781ab.php
Parsing file:///var/www/html/e-commerce-bio/storage/framework/views/aa66ab6a3317cef25e4931498bb9eeaa641084d0.php
Parsing file:///var/www/html/e-commerce-bio/storage/framework/views/e47d9a8d13d8b9a168df39f3843f3fcf6a26ddec.php
Parsing file:///var/www/html/e-commerce-bio/storage/framework/views/48e2956a952285705d08145d9405c8ec694ec230.php
Parsing file:///var/www/html/e-commerce-bio/storage/framework/views/d189313020f165edf33634201ecadf5cca48ae16.php
Parsing file:///var/www/html/e-commerce-bio/storage/framework/views/1fe9fc638af25b85e8cf759ff8d75e3f7c4bb087.php
Parsing file:///var/www/html/e-commerce-bio/storage/framework/views/08436dca52923f9ea2b88b29d3dc11615c1165b7.php
Parsing file:///var/www/html/e-commerce-bio/storage/framework/views/bee46888e9dd010ecc6de1b374f6cc674ab9b39f.php
Parsing file:///var/www/html/e-commerce-bio/storage/framework/views/a006631a8c50bac05f1baf74f5f710524746e4db.php
Parsing file:///var/www/html/e-commerce-bio/storage/framework/views/c3ff7de8dbf24b3008df858ca1675ce5f8bedc0c.php
Parsing file:///var/www/html/e-commerce-bio/storage/framework/views/eef16890fdfcf660346249e55c73a6dd1a443d02.php
Parsing file:///var/www/html/e-commerce-bio/storage/framework/views/97432996dfb2158b9298365bb65303876e772399.php
Parsing file:///var/www/html/e-commerce-bio/storage/framework/views/2565100f64fab22d73e46c85c769250dfb2a5312.php
Parsing file:///var/www/html/e-commerce-bio/storage/framework/views/983eb245404bc25460934283a9907a7158773338.php
Parsing file:///var/www/html/e-commerce-bio/storage/framework/views/455ca4afa2192c47eaa93cafe01466a6b5638230.php
Parsing file:///var/www/html/e-commerce-bio/storage/framework/views/68cb72f2c9bdd4bda893f68fb9031538e6e95f0d.php
Parsing file:///var/www/html/e-commerce-bio/storage/framework/views/c748e5f244427ca6e078fa05236ead0a1af5b8de.php
Parsing file:///var/www/html/e-commerce-bio/storage/framework/views/c4aacb0204236e55953527a04693d1762e80a88e.php
Parsing file:///var/www/html/e-commerce-bio/storage/framework/views/2b4978e92c568cb4a8c7e7f76b97bff903d67d3f.php
Parsing file:///var/www/html/e-commerce-bio/storage/framework/views/55c6fa8d52180402d349621091619fb2c4392654.php
Parsing file:///var/www/html/e-commerce-bio/storage/framework/views/c958ec377df40568373e5f31e4c0259643afd2a4.php
Parsing file:///var/www/html/e-commerce-bio/storage/framework/views/fd0445b6694bdb6bc48f41fd3cec560d6e497e33.php
Parsing file:///var/www/html/e-commerce-bio/storage/framework/views/c105a54cdb46bf57243b317d21230f0cda789c2f.php
Parsing file:///var/www/html/e-commerce-bio/storage/framework/views/946e76428f75130c09800cce03bbfb224f09047f.php
Parsing file:///var/www/html/e-commerce-bio/storage/framework/views/24095cbd4dcbccabea8c22fdb118a0037f405a31.php
Parsing file:///var/www/html/e-commerce-bio/storage/framework/views/62c885bbd844a301672a02a75728ef1570894534.php
Parsing file:///var/www/html/e-commerce-bio/storage/framework/views/50423e66a5e9d2427b924b11408f3c699cfc2fe5.php
Parsing file:///var/www/html/e-commerce-bio/storage/framework/views/c039b570d25343923b18ddbcf088fa96cc2d1e33.php
Parsing file:///var/www/html/e-commerce-bio/storage/framework/views/36890e2477a3d587865cff0c7bda0faebd65cd62.php
Parsing file:///var/www/html/e-commerce-bio/storage/framework/views/9430a21e6fd101d3f29fe000ee7c9d11c26cb88c.php
Parsing file:///var/www/html/e-commerce-bio/storage/framework/views/6500d5d27bbc95dda32d982b2977590341cc604e.php
Parsing file:///var/www/html/e-commerce-bio/storage/framework/views/eea58a8df711ffa86c2a299454a01dd44988ec3b.php
Parsing file:///var/www/html/e-commerce-bio/storage/framework/views/f5871be7a1073c2cf2710665a019ec08669c93a7.php
Parsing file:///var/www/html/e-commerce-bio/storage/framework/views/c51c7d721ea0be69e1936c0d6008780d50808e0b.php
Parsing file:///var/www/html/e-commerce-bio/storage/framework/views/3ac1689d1fef6fa83307dcaa17aaad6a2dd32409.php
Parsing file:///var/www/html/e-commerce-bio/storage/framework/views/352e41ce17fa8f78e93feba12e88cba1eed0d1a4.php
Parsing file:///var/www/html/e-commerce-bio/storage/framework/views/105aff0eb4872898ecf93f368e5132ec638a92f0.php
Parsing file:///var/www/html/e-commerce-bio/storage/framework/views/fff9359784993706ce484cf6f2d9fe5caa1f405e.php
Parsing file:///var/www/html/e-commerce-bio/storage/framework/views/a222eea0381fcee02c4efeb60bdbbbf0bcbf9a33.php
Parsing file:///var/www/html/e-commerce-bio/storage/framework/views/420563563146acd5dd395004f6c2725465a670b2.php
Parsing file:///var/www/html/e-commerce-bio/storage/framework/views/65b345c2aa0df7ad92f427b033072d741c7b6a62.php
Parsing file:///var/www/html/e-commerce-bio/storage/framework/views/2296d0bdc16dc9d1586be219e2408a6f56567541.php
Parsing file:///var/www/html/e-commerce-bio/storage/framework/views/3af0051e941cb4d2b4b0887a3b40efe0122c2031.php
Parsing file:///var/www/html/e-commerce-bio/storage/framework/views/bc123752ac211d4df251c36c22e3951171abe154.php
Parsing file:///var/www/html/e-commerce-bio/storage/framework/views/3236b9aa44f8f79de5abc668bd2e2c437a0acbb7.php
Parsing file:///var/www/html/e-commerce-bio/storage/framework/views/d0918768b2fc297b4762f501cc9cf08bf71a18f5.php
Parsing file:///var/www/html/e-commerce-bio/storage/framework/views/1b97f57a9bcd6ac1a463cb6dd523faf424318978.php
Parsing file:///var/www/html/e-commerce-bio/storage/framework/views/1d31046559352f74e35f8ddfa06398306720063e.php
Parsing file:///var/www/html/e-commerce-bio/storage/framework/views/6a794374e6dbd33b1f4e4233dd127cf87ebe9f30.php
Parsing file:///var/www/html/e-commerce-bio/storage/framework/views/4f8d99e20121c43ca8f552d22a9e45283c063183.php
Parsing file:///var/www/html/e-commerce-bio/storage/framework/views/c5b5209d1f1f29c2971f62ee302c5e4d74d4dbe0.php
Parsing file:///var/www/html/e-commerce-bio/storage/framework/views/4648e68aca7e446d39f12fed20db16a28d331b68.php
Parsing file:///var/www/html/e-commerce-bio/storage/framework/views/ac98bc5fbc69cc78f8f98297408f993f19f24a05.php
Parsing file:///var/www/html/e-commerce-bio/storage/framework/views/9f4c04989841804eba5bef58536dc48be8e539d5.php
Parsing file:///var/www/html/e-commerce-bio/storage/framework/views/28ecba5332de61bc297fa784d4ca52fce76d9a6b.php
Parsing file:///var/www/html/e-commerce-bio/storage/framework/views/66bef6bb26f51ad56a25736affa74fcb739ae7fd.php
Parsing file:///var/www/html/e-commerce-bio/storage/framework/views/c8f19d45bd305971c87876904ac66504f10bad7a.php
Parsing file:///var/www/html/e-commerce-bio/storage/framework/views/9a366ddcaf939c770048acc0a036f60564d58483.php
Parsing file:///var/www/html/e-commerce-bio/storage/framework/views/d64d5c8a85b40199ac13833cc139b93026b7c05c.php
Parsing file:///var/www/html/e-commerce-bio/storage/framework/views/41cb82fb81d356be6731750a70dcf198b4b6c4cf.php
Parsing file:///var/www/html/e-commerce-bio/storage/framework/views/c3ebca9d1dca6b6ceb5ec1c6d4d5898ee61461b1.php
Parsing file:///var/www/html/e-commerce-bio/storage/framework/views/e41b55bc521202ae058faa37eb96b50943236dcd.php
Parsing file:///var/www/html/e-commerce-bio/storage/framework/views/dcbdee85ca7bdd1a1e08e2275e7713f086e9999e.php
Parsing file:///var/www/html/e-commerce-bio/server.php
Parsing file:///var/www/html/e-commerce-bio/public/index.php
Parsing file:///var/www/html/e-commerce-bio/tests/TestCase.php
Parsing file:///var/www/html/e-commerce-bio/tests/Unit/ExampleTest.php
Parsing file:///var/www/html/e-commerce-bio/tests/Feature/ExampleTest.php
Parsing file:///var/www/html/e-commerce-bio/tests/CreatesApplication.php
Parsing file:///var/www/html/e-commerce-bio/app/UserVisitProducts.php
Parsing file:///var/www/html/e-commerce-bio/app/Orders.php
Parsing file:///var/www/html/e-commerce-bio/app/Store.php
Parsing file:///var/www/html/e-commerce-bio/app/Packages.php
Parsing file:///var/www/html/e-commerce-bio/app/Coins.php
Parsing file:///var/www/html/e-commerce-bio/app/Categories.php
Parsing file:///var/www/html/e-commerce-bio/app/Product.php
Parsing file:///var/www/html/e-commerce-bio/app/Stores.php
Parsing file:///var/www/html/e-commerce-bio/app/User.php
Parsing file:///var/www/html/e-commerce-bio/app/DetProducTaxes.php
Parsing file:///var/www/html/e-commerce-bio/app/Setting.php
Parsing file:///var/www/html/e-commerce-bio/app/Cities.php
Parsing file:///var/www/html/e-commerce-bio/app/SubCategories.php
Parsing file:///var/www/html/e-commerce-bio/app/DetPaymentMethods.php
Parsing file:///var/www/html/e-commerce-bio/app/Groups.php
Parsing file:///var/www/html/e-commerce-bio/app/Trackings.php
Parsing file:///var/www/html/e-commerce-bio/app/Taxes.php
Parsing file:///var/www/html/e-commerce-bio/app/DetProductPackages.php
Parsing file:///var/www/html/e-commerce-bio/app/Banks.php
Parsing file:///var/www/html/e-commerce-bio/app/ProductTax.php
Parsing file:///var/www/html/e-commerce-bio/app/Peoples.php
Parsing file:///var/www/html/e-commerce-bio/app/DetGroupEvents.php
Parsing file:///var/www/html/e-commerce-bio/app/DetTransportCities.php
Parsing file:///var/www/html/e-commerce-bio/app/Logs.php
Parsing file:///var/www/html/e-commerce-bio/app/Exceptions/Handler.php
Parsing file:///var/www/html/e-commerce-bio/app/GeneralSettings.php
Parsing file:///var/www/html/e-commerce-bio/app/PaymentMethods.php
Parsing file:///var/www/html/e-commerce-bio/app/BankDatas.php
Parsing file:///var/www/html/e-commerce-bio/app/Category.php
Parsing file:///var/www/html/e-commerce-bio/app/Advs.php
Parsing file:///var/www/html/e-commerce-bio/app/Brands.php
Parsing file:///var/www/html/e-commerce-bio/app/Packagings.php
Parsing file:///var/www/html/e-commerce-bio/app/Brand.php
Parsing file:///var/www/html/e-commerce-bio/app/People.php
Parsing file:///var/www/html/e-commerce-bio/app/ProductSubcategory.php
Parsing file:///var/www/html/e-commerce-bio/app/Providers/EventServiceProvider.php
Parsing file:///var/www/html/e-commerce-bio/app/Providers/AuthServiceProvider.php
Parsing file:///var/www/html/e-commerce-bio/app/Providers/BroadcastServiceProvider.php
Parsing file:///var/www/html/e-commerce-bio/app/Providers/AppServiceProvider.php
Parsing file:///var/www/html/e-commerce-bio/app/Providers/RouteServiceProvider.php
Parsing file:///var/www/html/e-commerce-bio/app/Regions.php
Parsing file:///var/www/html/e-commerce-bio/app/DetBankOrders.php
Parsing file:///var/www/html/e-commerce-bio/app/OrderAddress.php
Parsing file:///var/www/html/e-commerce-bio/app/Http/Controllers/OrderProductsController.php
Parsing file:///var/www/html/e-commerce-bio/app/Http/Controllers/EventsController.php
Parsing file:///var/www/html/e-commerce-bio/app/Http/Controllers/ProductsController.php
Parsing file:///var/www/html/e-commerce-bio/app/Http/Controllers/TransportsController.php
Parsing file:///var/www/html/e-commerce-bio/app/Http/Controllers/DetPaymentMethodsController.php
Parsing file:///var/www/html/e-commerce-bio/app/Http/Controllers/StoresController.php
Parsing file:///var/www/html/e-commerce-bio/app/Http/Controllers/StatesController.php
Parsing file:///var/www/html/e-commerce-bio/app/Http/Controllers/DetProducTaxesController.php
Parsing file:///var/www/html/e-commerce-bio/app/Http/Controllers/SubCategoriesController.php
Parsing file:///var/www/html/e-commerce-bio/app/Http/Controllers/DetGroupEventsController.php
Parsing file:///var/www/html/e-commerce-bio/app/Http/Controllers/AdvsController.php
Parsing file:///var/www/html/e-commerce-bio/app/Http/Controllers/LogsController.php
Parsing file:///var/www/html/e-commerce-bio/app/Http/Controllers/DetBankOrdersController.php
Parsing file:///var/www/html/e-commerce-bio/app/Http/Controllers/OrdersStatusController.php
Parsing file:///var/www/html/e-commerce-bio/app/Http/Controllers/PackagesController.php
Parsing file:///var/www/html/e-commerce-bio/app/Http/Controllers/HomePagesController.php
Parsing file:///var/www/html/e-commerce-bio/app/Http/Controllers/GroupsController.php
Parsing file:///var/www/html/e-commerce-bio/app/Http/Controllers/GeneralSettingsController.php
Parsing file:///var/www/html/e-commerce-bio/app/Http/Controllers/CitiesController.php
Parsing file:///var/www/html/e-commerce-bio/app/Http/Controllers/DetTransportCitiesController.php
Parsing file:///var/www/html/e-commerce-bio/app/Http/Controllers/HomeController.php
Parsing file:///var/www/html/e-commerce-bio/app/Http/Controllers/Controller.php
Parsing file:///var/www/html/e-commerce-bio/app/Http/Controllers/API/BaseController.php
Parsing file:///var/www/html/e-commerce-bio/app/Http/Controllers/API/UserVisitProductsController.php
Parsing file:///var/www/html/e-commerce-bio/app/Http/Controllers/API/RegisterController.php
Parsing file:///var/www/html/e-commerce-bio/app/Http/Controllers/API/CategoryController.php
Parsing file:///var/www/html/e-commerce-bio/app/Http/Controllers/API/SettingController.php
Parsing file:///var/www/html/e-commerce-bio/app/Http/Controllers/API/ProductController.php
Parsing file:///var/www/html/e-commerce-bio/app/Http/Controllers/API/RatingProductsController.php
Parsing file:///var/www/html/e-commerce-bio/app/Http/Controllers/API/PaymentMethodsController.php
Parsing file:///var/www/html/e-commerce-bio/app/Http/Controllers/API/BrandController.php
Parsing file:///var/www/html/e-commerce-bio/app/Http/Controllers/API/OrdersController.php
Parsing file:///var/www/html/e-commerce-bio/app/Http/Controllers/API/DetProductPackagesController.php
Parsing file:///var/www/html/e-commerce-bio/app/Http/Controllers/API/TrackingsController.php
Parsing file:///var/www/html/e-commerce-bio/app/Http/Controllers/API/FavoritesController.php
Parsing file:///var/www/html/e-commerce-bio/app/Http/Controllers/BanksController.php
Parsing file:///var/www/html/e-commerce-bio/app/Http/Controllers/TrakingsController.php
Parsing file:///var/www/html/e-commerce-bio/app/Http/Controllers/CategoriesController.php
Parsing file:///var/www/html/e-commerce-bio/app/Http/Controllers/Auth/ResetPasswordController.php
Parsing file:///var/www/html/e-commerce-bio/app/Http/Controllers/Auth/RegisterController.php
Parsing file:///var/www/html/e-commerce-bio/app/Http/Controllers/Auth/ForgotPasswordController.php
Parsing file:///var/www/html/e-commerce-bio/app/Http/Controllers/Auth/ConfirmPasswordController.php
Parsing file:///var/www/html/e-commerce-bio/app/Http/Controllers/Auth/LoginController.php
Parsing file:///var/www/html/e-commerce-bio/app/Http/Controllers/Auth/VerificationController.php
Parsing file:///var/www/html/e-commerce-bio/app/Http/Controllers/ViewsController.php
Parsing file:///var/www/html/e-commerce-bio/app/Http/Controllers/CoinsController.php
Parsing file:///var/www/html/e-commerce-bio/app/Http/Controllers/RegionsController.php
Parsing file:///var/www/html/e-commerce-bio/app/Http/Controllers/PeoplesController.php
Parsing file:///var/www/html/e-commerce-bio/app/Http/Controllers/PackagingsController.php
Parsing file:///var/www/html/e-commerce-bio/app/Http/Controllers/BankDatasController.php
Parsing file:///var/www/html/e-commerce-bio/app/Http/Controllers/DetProductPackagesController.php
Parsing file:///var/www/html/e-commerce-bio/app/Http/Controllers/OrderAddressController.php
Parsing file:///var/www/html/e-commerce-bio/app/Http/Controllers/TrackingsController.php
Parsing file:///var/www/html/e-commerce-bio/app/Http/Controllers/TaxesController.php
Parsing file:///var/www/html/e-commerce-bio/app/Http/Controllers/BrandsController.php
Parsing file:///var/www/html/e-commerce-bio/app/Http/Controllers/FavoritesController.php
Parsing file:///var/www/html/e-commerce-bio/app/Http/Kernel.php
Parsing file:///var/www/html/e-commerce-bio/app/Http/Middleware/TrimStrings.php
Parsing file:///var/www/html/e-commerce-bio/app/Http/Middleware/Authenticate.php
Parsing file:///var/www/html/e-commerce-bio/app/Http/Middleware/CheckForMaintenanceMode.php
Parsing file:///var/www/html/e-commerce-bio/app/Http/Middleware/VerifyCsrfToken.php
Parsing file:///var/www/html/e-commerce-bio/app/Http/Middleware/EncryptCookies.php
Parsing file:///var/www/html/e-commerce-bio/app/Http/Middleware/TrustProxies.php
Parsing file:///var/www/html/e-commerce-bio/app/Http/Middleware/RedirectIfAuthenticated.php
Parsing file:///var/www/html/e-commerce-bio/app/Http/Resources/Product.php
Parsing file:///var/www/html/e-commerce-bio/app/Http/Resources/Setting.php
Parsing file:///var/www/html/e-commerce-bio/app/Http/Resources/DetProductPackages.php
Parsing file:///var/www/html/e-commerce-bio/app/Http/Resources/Favorite.php
Parsing file:///var/www/html/e-commerce-bio/app/Http/Resources/PaymentMethods.php
Parsing file:///var/www/html/e-commerce-bio/app/Http/Resources/Category.php
Parsing file:///var/www/html/e-commerce-bio/app/Http/Resources/Brand.php
Parsing file:///var/www/html/e-commerce-bio/app/Http/Resources/RatingProducts.php
Parsing file:///var/www/html/e-commerce-bio/app/Favorites.php
Parsing file:///var/www/html/e-commerce-bio/app/Transports.php
Parsing file:///var/www/html/e-commerce-bio/app/RatingProducts.php
Parsing file:///var/www/html/e-commerce-bio/app/Console/Kernel.php
Parsing file:///var/www/html/e-commerce-bio/app/HomePages.php
Parsing file:///var/www/html/e-commerce-bio/app/ProductCategory.php
Parsing file:///var/www/html/e-commerce-bio/app/Products.php
Parsing file:///var/www/html/e-commerce-bio/app/Tax.php
Parsing file:///var/www/html/e-commerce-bio/app/States.php
Parsing file:///var/www/html/e-commerce-bio/app/OrderProducts.php
Parsing file:///var/www/html/e-commerce-bio/app/Views.php
Parsing file:///var/www/html/e-commerce-bio/app/Events.php
Parsing file:///var/www/html/e-commerce-bio/app/OrdersStatus.php
Parsing file:///var/www/html/e-commerce-bio/app/FuncionesGenerales.php
Parsing file:///var/www/html/e-commerce-bio/routes/console.php
Parsing file:///var/www/html/e-commerce-bio/routes/api.php
Parsing file:///var/www/html/e-commerce-bio/routes/web.php
Parsing file:///var/www/html/e-commerce-bio/routes/channels.php
Parsing file:///var/www/html/e-commerce-bio/resources/views/register.blade.php
Parsing file:///var/www/html/e-commerce-bio/resources/views/catalog.blade.php
Parsing file:///var/www/html/e-commerce-bio/resources/views/home.blade.php
Parsing file:///var/www/html/e-commerce-bio/resources/views/dashboard.blade.php
Parsing file:///var/www/html/e-commerce-bio/resources/views/profile.blade.php
Parsing file:///var/www/html/e-commerce-bio/resources/views/partials/footer.blade.php
Parsing file:///var/www/html/e-commerce-bio/resources/views/partials/base.blade.php
Parsing file:///var/www/html/e-commerce-bio/resources/views/partials/header.blade.php
Parsing file:///var/www/html/e-commerce-bio/resources/views/layouts/app.blade.php
Parsing file:///var/www/html/e-commerce-bio/resources/views/cart.blade.php
Parsing file:///var/www/html/e-commerce-bio/resources/views/auth/register.blade.php
Parsing file:///var/www/html/e-commerce-bio/resources/views/auth/verify.blade.php
Parsing file:///var/www/html/e-commerce-bio/resources/views/auth/passwords/confirm.blade.php
Parsing file:///var/www/html/e-commerce-bio/resources/views/auth/passwords/reset.blade.php
Parsing file:///var/www/html/e-commerce-bio/resources/views/auth/passwords/email.blade.php
Parsing file:///var/www/html/e-commerce-bio/resources/views/auth/login.blade.php
Parsing file:///var/www/html/e-commerce-bio/resources/lang/en/validation.php
Parsing file:///var/www/html/e-commerce-bio/resources/lang/en/pagination.php
Parsing file:///var/www/html/e-commerce-bio/resources/lang/en/auth.php
Parsing file:///var/www/html/e-commerce-bio/resources/lang/en/passwords.php
Parsing file:///var/www/html/e-commerce-bio/resources/lang/es/validation.php
Parsing file:///var/www/html/e-commerce-bio/resources/lang/es/pagination.php
Parsing file:///var/www/html/e-commerce-bio/resources/lang/es/auth.php
Parsing file:///var/www/html/e-commerce-bio/resources/lang/es/passwords.php
[Info  - 8:52:16 a. m.] 143 Packages
[Info  - 8:52:16 a. m.] Restored swiftmailer/swiftmailer:6.2.3 from cache
[Info  - 8:52:17 a. m.] Restored ralouphie/getallheaders:3.0.3 from cache
[Info  - 8:52:17 a. m.] Restored phpdocumentor/reflection-common:2.0.0 from cache
[Info  - 8:52:17 a. m.] Restored phpdocumentor/reflection-docblock:4.3.4 from cache
[Info  - 8:52:17 a. m.] Restored phpdocumentor/type-resolver:1.0.1 from cache
[Info  - 8:52:17 a. m.] Restored monolog/monolog:2.0.2 from cache
[Info  - 8:52:17 a. m.] Restored jakub-onderka/php-console-color:0.2 from cache
[Info  - 8:52:17 a. m.] Restored jakub-onderka/php-console-highlighter:0.4 from cache
[Info  - 8:52:17 a. m.] Restored fideloper/proxy:4.2.2 from cache
[Info  - 8:52:17 a. m.] Restored vlucas/phpdotenv:3.6.0 from cache
[Info  - 8:52:17 a. m.] Restored tijsverkoyen/css-to-inline-styles:2.2.2 from cache
[Info  - 8:52:17 a. m.] Restored paragonie/random_compat:9.99.99 from cache
[Info  - 8:52:17 a. m.] Restored psy/psysh:0.9.12 from cache
[Info  - 8:52:17 a. m.] Restored nikic/php-parser:4.3.0 from cache
[Info  - 8:52:17 a. m.] Restored firebase/php-jwt:5.0.0 from cache
[Info  - 8:52:17 a. m.] Restored doctrine/instantiator:1.3.0 from cache
[Info  - 8:52:17 a. m.] Restored doctrine/event-manager:1.1.0 from cache
[Info  - 8:52:17 a. m.] Restored doctrine/dbal:2.10.1 from cache
[Info  - 8:52:17 a. m.] Restored doctrine/inflector:1.3.1 from cache
[Info  - 8:52:17 a. m.] Restored doctrine/lexer:1.2.0 from cache
[Info  - 8:52:17 a. m.] Restored doctrine/cache:1.10.0 from cache
[Info  - 8:52:17 a. m.] Restored myclabs/deep-copy:1.9.5 from cache
[Info  - 8:52:17 a. m.] Restored mockery/mockery:1.3.1 from cache
[Info  - 8:52:17 a. m.] Restored intervention/image:2.5.1 from cache
[Info  - 8:52:17 a. m.] Restored phpoption/phpoption:1.7.2 from cache
[Info  - 8:52:17 a. m.] Indexing laravelcollective/html for definitions and static references
Parsing file:///var/www/html/e-commerce-bio/vendor/laravelcollective/html/src/Componentable.php
Parsing file:///var/www/html/e-commerce-bio/vendor/laravelcollective/html/src/Eloquent/FormAccessible.php
Parsing file:///var/www/html/e-commerce-bio/vendor/laravelcollective/html/src/FormFacade.php
Parsing file:///var/www/html/e-commerce-bio/vendor/laravelcollective/html/src/FormBuilder.php
Parsing file:///var/www/html/e-commerce-bio/vendor/laravelcollective/html/src/helpers.php
Parsing file:///var/www/html/e-commerce-bio/vendor/laravelcollective/html/src/HtmlBuilder.php
Parsing file:///var/www/html/e-commerce-bio/vendor/laravelcollective/html/src/HtmlFacade.php
Parsing file:///var/www/html/e-commerce-bio/vendor/laravelcollective/html/src/HtmlServiceProvider.php
[Info  - 8:52:17 a. m.] Indexing laravelcollective/html for dynamic references
Parsing file:///var/www/html/e-commerce-bio/vendor/laravelcollective/html/src/Componentable.php
Parsing file:///var/www/html/e-commerce-bio/vendor/laravelcollective/html/src/Eloquent/FormAccessible.php
Parsing file:///var/www/html/e-commerce-bio/vendor/laravelcollective/html/src/FormFacade.php
Parsing file:///var/www/html/e-commerce-bio/vendor/laravelcollective/html/src/FormBuilder.php
Parsing file:///var/www/html/e-commerce-bio/vendor/laravelcollective/html/src/helpers.php
Parsing file:///var/www/html/e-commerce-bio/vendor/laravelcollective/html/src/HtmlBuilder.php
Parsing file:///var/www/html/e-commerce-bio/vendor/laravelcollective/html/src/HtmlFacade.php
Parsing file:///var/www/html/e-commerce-bio/vendor/laravelcollective/html/src/HtmlServiceProvider.php
[Warn  - 8:52:18 a. m.] Could not compute cache key for laravelcollective/html
[Info  - 8:52:18 a. m.] Restored laminas/laminas-diactoros:2.2.2 from cache
[Info  - 8:52:18 a. m.] Restored laminas/laminas-zendframework-bridge:1.0.1 from cache
[Info  - 8:52:18 a. m.] Restored nesbot/carbon:2.29.1 from cache
[Info  - 8:52:18 a. m.] Restored orangehill/iseed:2.6.2 from cache
[Info  - 8:52:18 a. m.] Restored guzzlehttp/guzzle:6.5.2 from cache
[Info  - 8:52:18 a. m.] Restored guzzlehttp/psr7:1.6.1 from cache
[Info  - 8:52:18 a. m.] Restored guzzlehttp/promises:1.3.1 from cache
[Info  - 8:52:18 a. m.] Restored larapack/hooks:1.0.9 from cache
[Info  - 8:52:18 a. m.] Restored larapack/doctrine-support:0.1.9 from cache
[Info  - 8:52:18 a. m.] Restored larapack/voyager-hooks:1.2.2 from cache
[Info  - 8:52:18 a. m.] Restored egulias/email-validator:2.1.15 from cache
[Info  - 8:52:18 a. m.] Restored ramsey/uuid:3.9.2 from cache
[Info  - 8:52:18 a. m.] Restored hamcrest/hamcrest-php:2.0.0 from cache
[Info  - 8:52:18 a. m.] Restored arrilot/laravel-widgets:3.13.0 from cache
[Info  - 8:52:18 a. m.] Restored defuse/php-encryption:2.2.1 from cache
[Info  - 8:52:18 a. m.] Restored phpseclib/phpseclib:2.0.23 from cache
[Info  - 8:52:18 a. m.] Restored jeroennoten/laravel-adminlte:3.0.8 from cache
[Info  - 8:52:18 a. m.] Restored dragonmantank/cron-expression:2.3.0 from cache
[Info  - 8:52:18 a. m.] Restored laravel/framework:6.12.0 from cache
[Info  - 8:52:18 a. m.] Restored laravel/ui:1.1.2 from cache
[Info  - 8:52:18 a. m.] Restored laravel/passport:8.2.0 from cache
[Info  - 8:52:19 a. m.] Restored laravel/tinker:2.1.0 from cache
[Info  - 8:52:19 a. m.] Restored composer/xdebug-handler:1.4.0 from cache
[Info  - 8:52:19 a. m.] Restored composer/spdx-licenses:1.5.2 from cache
[Info  - 8:52:19 a. m.] Restored composer/semver:1.5.1 from cache
[Info  - 8:52:19 a. m.] Restored composer/composer:1.9.2 from cache
[Info  - 8:52:19 a. m.] Restored composer/ca-bundle:1.2.6 from cache
[Info  - 8:52:19 a. m.] Restored fzaninotto/faker:1.9.1 from cache
[Info  - 8:52:19 a. m.] Restored symfony/event-dispatcher:4.4.3 from cache
[Info  - 8:52:19 a. m.] Restored symfony/process:4.4.3 from cache
[Info  - 8:52:19 a. m.] Restored symfony/http-foundation:4.4.3 from cache
[Info  - 8:52:19 a. m.] Restored symfony/psr-http-message-bridge:1.3.0 from cache
[Info  - 8:52:19 a. m.] Restored symfony/polyfill-ctype:1.13.1 from cache
[Info  - 8:52:19 a. m.] Restored symfony/finder:4.4.3 from cache
[Info  - 8:52:19 a. m.] Restored symfony/var-dumper:4.4.3 from cache
[Info  - 8:52:19 a. m.] Restored symfony/console:4.4.3 from cache
[Info  - 8:52:19 a. m.] Restored symfony/http-kernel:4.4.3 from cache
[Info  - 8:52:20 a. m.] Restored symfony/mime:5.0.3 from cache
[Info  - 8:52:20 a. m.] Restored symfony/debug:4.4.3 from cache
[Info  - 8:52:20 a. m.] Restored symfony/polyfill-iconv:1.13.1 from cache
[Info  - 8:52:20 a. m.] Restored symfony/error-handler:4.4.3 from cache
[Info  - 8:52:20 a. m.] Restored symfony/polyfill-php72:1.13.1 from cache
[Info  - 8:52:20 a. m.] Restored symfony/translation-contracts:2.0.1 from cache
[Info  - 8:52:20 a. m.] Restored symfony/polyfill-intl-idn:1.13.1 from cache
[Info  - 8:52:20 a. m.] Restored symfony/routing:4.4.3 from cache
[Info  - 8:52:20 a. m.] Restored symfony/event-dispatcher-contracts:1.1.7 from cache
[Info  - 8:52:20 a. m.] Restored symfony/translation:4.4.3 from cache
[Info  - 8:52:20 a. m.] Restored symfony/service-contracts:2.0.1 from cache
[Info  - 8:52:20 a. m.] Restored symfony/filesystem:4.4.3 from cache
[Info  - 8:52:20 a. m.] Restored symfony/polyfill-mbstring:1.13.1 from cache
[Info  - 8:52:20 a. m.] Restored symfony/polyfill-php73:1.13.1 from cache
[Info  - 8:52:20 a. m.] Restored symfony/css-selector:5.0.3 from cache
[Info  - 8:52:20 a. m.] Restored dnoegel/php-xdg-base-dir:0.1.1 from cache
[Info  - 8:52:20 a. m.] Restored theseer/tokenizer:1.1.3 from cache
[Info  - 8:52:20 a. m.] Restored tcg/voyager:1.3.1 from cache
[Info  - 8:52:20 a. m.] Restored league/commonmark:1.2.2 from cache
[Info  - 8:52:20 a. m.] Restored league/oauth2-server:8.0.0 from cache
[Info  - 8:52:20 a. m.] Restored league/event:2.2.0 from cache
[Info  - 8:52:20 a. m.] Restored league/flysystem:1.0.63 from cache
[Info  - 8:52:20 a. m.] Restored league/commonmark-ext-table:2.1.0 from cache
[Info  - 8:52:20 a. m.] Restored phpunit/php-token-stream:3.1.1 from cache
[Info  - 8:52:20 a. m.] Restored phpunit/php-timer:2.1.2 from cache
[Info  - 8:52:20 a. m.] Restored phpunit/php-file-iterator:2.0.2 from cache
[Info  - 8:52:20 a. m.] Restored phpunit/php-text-template:1.2.1 from cache
[Info  - 8:52:21 a. m.] Restored phpunit/php-code-coverage:7.0.10 from cache
[Info  - 8:52:21 a. m.] Restored phpunit/phpunit:8.5.2 from cache
[Info  - 8:52:21 a. m.] Restored phpspec/prophecy:1.10.2 from cache
[Info  - 8:52:21 a. m.] Restored phar-io/version:2.0.1 from cache
[Info  - 8:52:21 a. m.] Restored phar-io/manifest:1.0.3 from cache
[Info  - 8:52:21 a. m.] Restored justinrainbow/json-schema:5.2.9 from cache
[Info  - 8:52:21 a. m.] Restored opis/closure:3.5.1 from cache
[Info  - 8:52:21 a. m.] Restored psr/http-factory:1.0.1 from cache
[Info  - 8:52:21 a. m.] Restored psr/log:1.1.2 from cache
[Info  - 8:52:21 a. m.] Restored psr/http-message:1.0.1 from cache
[Info  - 8:52:21 a. m.] Restored psr/container:1.0.0 from cache
[Info  - 8:52:21 a. m.] Restored psr/simple-cache:1.0.1 from cache
[Info  - 8:52:21 a. m.] Restored scrivo/highlight.php:9.17.1.0 from cache
[Info  - 8:52:21 a. m.] Restored sebastian/diff:3.0.2 from cache
[Info  - 8:52:21 a. m.] Restored sebastian/environment:4.2.3 from cache
[Info  - 8:52:21 a. m.] Restored sebastian/version:2.0.1 from cache
[Info  - 8:52:21 a. m.] Restored sebastian/global-state:3.0.0 from cache
[Info  - 8:52:21 a. m.] Restored sebastian/code-unit-reverse-lookup:1.0.1 from cache
[Info  - 8:52:21 a. m.] Restored sebastian/resource-operations:2.0.1 from cache
[Info  - 8:52:21 a. m.] Restored sebastian/type:1.1.3 from cache
[Info  - 8:52:21 a. m.] Restored sebastian/recursion-context:3.0.0 from cache
[Info  - 8:52:21 a. m.] Restored sebastian/object-enumerator:3.0.3 from cache
[Info  - 8:52:21 a. m.] Restored sebastian/object-reflector:1.1.1 from cache
[Info  - 8:52:21 a. m.] Restored sebastian/exporter:3.1.2 from cache
[Info  - 8:52:21 a. m.] Restored sebastian/comparator:3.0.2 from cache
[Info  - 8:52:21 a. m.] Restored seld/jsonlint:1.7.2 from cache
[Info  - 8:52:21 a. m.] Restored seld/phar-utils:1.0.2 from cache
[Info  - 8:52:21 a. m.] Restored filp/whoops:2.7.1 from cache
[Info  - 8:52:21 a. m.] Restored webmozart/assert:1.6.0 from cache
[Info  - 8:52:21 a. m.] Restored lcobucci/jwt:3.3.1 from cache
[Info  - 8:52:21 a. m.] Restored facade/flare-client-php:1.3.1 from cache
[Info  - 8:52:21 a. m.] Restored facade/ignition:1.16.0 from cache
[Info  - 8:52:22 a. m.] Restored facade/ignition-contracts:1.0.0 from cache
[Info  - 8:52:22 a. m.] Restored nunomaduro/collision:3.0.1 from cache
[Info  - 8:52:22 a. m.] Indexing erusev/parsedown for definitions and static references
Parsing file:///var/www/html/e-commerce-bio/vendor/erusev/parsedown/Parsedown.php
[Info  - 8:52:22 a. m.] Indexing erusev/parsedown for dynamic references
Parsing file:///var/www/html/e-commerce-bio/vendor/erusev/parsedown/Parsedown.php
[Warn  - 8:52:22 a. m.] Could not compute cache key for erusev/parsedown
[Info  - 8:52:22 a. m.] Indexing adminlte/en for definitions and static references
Parsing file:///var/www/html/e-commerce-bio/resources/lang/vendor/adminlte/en/menu.php
Parsing file:///var/www/html/e-commerce-bio/resources/lang/vendor/adminlte/en/adminlte.php
[Info  - 8:52:22 a. m.] Indexing adminlte/en for dynamic references
Parsing file:///var/www/html/e-commerce-bio/resources/lang/vendor/adminlte/en/menu.php
Parsing file:///var/www/html/e-commerce-bio/resources/lang/vendor/adminlte/en/adminlte.php
[Warn  - 8:52:22 a. m.] Could not compute cache key for adminlte/en
[Info  - 8:52:22 a. m.] Indexing adminlte/vi for definitions and static references
Parsing file:///var/www/html/e-commerce-bio/resources/lang/vendor/adminlte/vi/menu.php
Parsing file:///var/www/html/e-commerce-bio/resources/lang/vendor/adminlte/vi/adminlte.php
[Info  - 8:52:22 a. m.] Indexing adminlte/vi for dynamic references
Parsing file:///var/www/html/e-commerce-bio/resources/lang/vendor/adminlte/vi/menu.php
Parsing file:///var/www/html/e-commerce-bio/resources/lang/vendor/adminlte/vi/adminlte.php
[Warn  - 8:52:22 a. m.] Could not compute cache key for adminlte/vi
[Info  - 8:52:22 a. m.] Indexing adminlte/de for definitions and static references
Parsing file:///var/www/html/e-commerce-bio/resources/lang/vendor/adminlte/de/menu.php
Parsing file:///var/www/html/e-commerce-bio/resources/lang/vendor/adminlte/de/adminlte.php
[Info  - 8:52:22 a. m.] Indexing adminlte/de for dynamic references
Parsing file:///var/www/html/e-commerce-bio/resources/lang/vendor/adminlte/de/menu.php
Parsing file:///var/www/html/e-commerce-bio/resources/lang/vendor/adminlte/de/adminlte.php
[Warn  - 8:52:22 a. m.] Could not compute cache key for adminlte/de
[Info  - 8:52:22 a. m.] Indexing adminlte/tr for definitions and static references
Parsing file:///var/www/html/e-commerce-bio/resources/lang/vendor/adminlte/tr/menu.php
Parsing file:///var/www/html/e-commerce-bio/resources/lang/vendor/adminlte/tr/adminlte.php
[Info  - 8:52:22 a. m.] Indexing adminlte/tr for dynamic references
Parsing file:///var/www/html/e-commerce-bio/resources/lang/vendor/adminlte/tr/menu.php
Parsing file:///var/www/html/e-commerce-bio/resources/lang/vendor/adminlte/tr/adminlte.php
[Warn  - 8:52:22 a. m.] Could not compute cache key for adminlte/tr
[Info  - 8:52:22 a. m.] Indexing adminlte/nl for definitions and static references
Parsing file:///var/www/html/e-commerce-bio/resources/lang/vendor/adminlte/nl/adminlte.php
[Info  - 8:52:22 a. m.] Indexing adminlte/nl for dynamic references
Parsing file:///var/www/html/e-commerce-bio/resources/lang/vendor/adminlte/nl/adminlte.php
[Warn  - 8:52:22 a. m.] Could not compute cache key for adminlte/nl
[Info  - 8:52:22 a. m.] Indexing adminlte/fa for definitions and static references
Parsing file:///var/www/html/e-commerce-bio/resources/lang/vendor/adminlte/fa/adminlte.php
[Info  - 8:52:22 a. m.] Indexing adminlte/fa for dynamic references
Parsing file:///var/www/html/e-commerce-bio/resources/lang/vendor/adminlte/fa/adminlte.php
[Warn  - 8:52:22 a. m.] Could not compute cache key for adminlte/fa
[Info  - 8:52:22 a. m.] Indexing adminlte/ru for definitions and static references
Parsing file:///var/www/html/e-commerce-bio/resources/lang/vendor/adminlte/ru/adminlte.php
[Info  - 8:52:22 a. m.] Indexing adminlte/ru for dynamic references
Parsing file:///var/www/html/e-commerce-bio/resources/lang/vendor/adminlte/ru/adminlte.php
[Warn  - 8:52:22 a. m.] Could not compute cache key for adminlte/ru
[Info  - 8:52:22 a. m.] Indexing adminlte/es for definitions and static references
Parsing file:///var/www/html/e-commerce-bio/resources/lang/vendor/adminlte/es/adminlte.php
[Info  - 8:52:22 a. m.] Indexing adminlte/es for dynamic references
Parsing file:///var/www/html/e-commerce-bio/resources/lang/vendor/adminlte/es/adminlte.php
[Warn  - 8:52:22 a. m.] Could not compute cache key for adminlte/es
[Info  - 8:52:22 a. m.] Indexing adminlte/ar for definitions and static references
Parsing file:///var/www/html/e-commerce-bio/resources/lang/vendor/adminlte/ar/adminlte.php
[Info  - 8:52:22 a. m.] Indexing adminlte/ar for dynamic references
Parsing file:///var/www/html/e-commerce-bio/resources/lang/vendor/adminlte/ar/adminlte.php
[Warn  - 8:52:22 a. m.] Could not compute cache key for adminlte/ar
[Info  - 8:52:22 a. m.] Indexing adminlte/uk for definitions and static references
Parsing file:///var/www/html/e-commerce-bio/resources/lang/vendor/adminlte/uk/adminlte.php
[Info  - 8:52:22 a. m.] Indexing adminlte/uk for dynamic references
Parsing file:///var/www/html/e-commerce-bio/resources/lang/vendor/adminlte/uk/adminlte.php
[Warn  - 8:52:22 a. m.] Could not compute cache key for adminlte/uk
[Info  - 8:52:22 a. m.] Indexing adminlte/zh-CN for definitions and static references
Parsing file:///var/www/html/e-commerce-bio/resources/lang/vendor/adminlte/zh-CN/adminlte.php
[Info  - 8:52:22 a. m.] Indexing adminlte/zh-CN for dynamic references
Parsing file:///var/www/html/e-commerce-bio/resources/lang/vendor/adminlte/zh-CN/adminlte.php
[Warn  - 8:52:22 a. m.] Could not compute cache key for adminlte/zh-CN
[Info  - 8:52:22 a. m.] Indexing adminlte/ca for definitions and static references
Parsing file:///var/www/html/e-commerce-bio/resources/lang/vendor/adminlte/ca/adminlte.php
[Info  - 8:52:22 a. m.] Indexing adminlte/ca for dynamic references
Parsing file:///var/www/html/e-commerce-bio/resources/lang/vendor/adminlte/ca/adminlte.php
[Warn  - 8:52:22 a. m.] Could not compute cache key for adminlte/ca
[Info  - 8:52:22 a. m.] Indexing adminlte/hu for definitions and static references
Parsing file:///var/www/html/e-commerce-bio/resources/lang/vendor/adminlte/hu/adminlte.php
[Info  - 8:52:22 a. m.] Indexing adminlte/hu for dynamic references
Parsing file:///var/www/html/e-commerce-bio/resources/lang/vendor/adminlte/hu/adminlte.php
[Warn  - 8:52:22 a. m.] Could not compute cache key for adminlte/hu
[Info  - 8:52:22 a. m.] Indexing adminlte/fr for definitions and static references
Parsing file:///var/www/html/e-commerce-bio/resources/lang/vendor/adminlte/fr/adminlte.php
[Info  - 8:52:22 a. m.] Indexing adminlte/fr for dynamic references
Parsing file:///var/www/html/e-commerce-bio/resources/lang/vendor/adminlte/fr/adminlte.php
[Warn  - 8:52:22 a. m.] Could not compute cache key for adminlte/fr
[Info  - 8:52:22 a. m.] Indexing adminlte/it for definitions and static references
Parsing file:///var/www/html/e-commerce-bio/resources/lang/vendor/adminlte/it/adminlte.php
[Info  - 8:52:22 a. m.] Indexing adminlte/it for dynamic references
Parsing file:///var/www/html/e-commerce-bio/resources/lang/vendor/adminlte/it/adminlte.php
[Warn  - 8:52:22 a. m.] Could not compute cache key for adminlte/it
[Info  - 8:52:22 a. m.] Indexing adminlte/pl for definitions and static references
Parsing file:///var/www/html/e-commerce-bio/resources/lang/vendor/adminlte/pl/adminlte.php
[Info  - 8:52:22 a. m.] Indexing adminlte/pl for dynamic references
Parsing file:///var/www/html/e-commerce-bio/resources/lang/vendor/adminlte/pl/adminlte.php
[Warn  - 8:52:22 a. m.] Could not compute cache key for adminlte/pl
[Info  - 8:52:22 a. m.] Indexing adminlte/pt-br for definitions and static references
Parsing file:///var/www/html/e-commerce-bio/resources/lang/vendor/adminlte/pt-br/menu.php
Parsing file:///var/www/html/e-commerce-bio/resources/lang/vendor/adminlte/pt-br/adminlte.php
[Info  - 8:52:22 a. m.] Indexing adminlte/pt-br for dynamic references
Parsing file:///var/www/html/e-commerce-bio/resources/lang/vendor/adminlte/pt-br/menu.php
Parsing file:///var/www/html/e-commerce-bio/resources/lang/vendor/adminlte/pt-br/adminlte.php
[Warn  - 8:52:22 a. m.] Could not compute cache key for adminlte/pt-br
[Info  - 8:52:22 a. m.] Indexing adminlte/hr for definitions and static references
Parsing file:///var/www/html/e-commerce-bio/resources/lang/vendor/adminlte/hr/adminlte.php
[Info  - 8:52:22 a. m.] Indexing adminlte/hr for dynamic references
Parsing file:///var/www/html/e-commerce-bio/resources/lang/vendor/adminlte/hr/adminlte.php
[Warn  - 8:52:22 a. m.] Could not compute cache key for adminlte/hr
[Info  - 8:52:22 a. m.] All 8513 PHP files parsed in 11 seconds. 516 MiB allocated.
